2024-08-21 11:48:32,475 - WARNING - No executable path for process: System Idle Process
2024-08-21 11:48:32,475 - WARNING - No executable path for process: System
2024-08-21 11:48:32,475 - WARNING - No executable path for process: 
2024-08-21 11:48:32,475 - WARNING - File does not exist: Registry
2024-08-21 11:48:32,475 - INFO - No company info for process: Registry (Registry)
2024-08-21 11:48:32,475 - INFO - Trusted process: smss.exe (Microsoft Corporation)
2024-08-21 11:48:32,491 - INFO - Trusted process: svchost.exe (Microsoft Corporation)
2024-08-21 11:48:32,491 - INFO - Trusted process: csrss.exe (Microsoft Corporation)
2024-08-21 11:48:32,509 - INFO - No company info for process: MicUsage.exe (C:\Program Files\Acer\User Experience Improvement Program Service\Framework\MicUsage.exe)
2024-08-21 11:48:32,509 - INFO - Trusted process: wininit.exe (Microsoft Corporation)
2024-08-21 11:48:32,509 - INFO - Trusted process: csrss.exe (Microsoft Corporation)
2024-08-21 11:48:32,524 - INFO - Trusted process: services.exe (Microsoft Corporation)
2024-08-21 11:48:32,524 - INFO - Trusted process: LsaIso.exe (Microsoft Corporation)
2024-08-21 11:48:32,524 - INFO - Trusted process: lsass.exe (Microsoft Corporation)
2024-08-21 11:48:32,524 - INFO - Trusted process: svchost.exe (Microsoft Corporation)
2024-08-21 11:48:32,524 - INFO - Trusted process: svchost.exe (Microsoft Corporation)
2024-08-21 11:48:32,540 - INFO - Trusted process: svchost.exe (Microsoft Corporation)
2024-08-21 11:48:32,540 - INFO - Trusted process: fontdrvhost.exe (Microsoft Corporation)
2024-08-21 11:48:32,540 - INFO - Trusted process: svchost.exe (Microsoft Corporation)
2024-08-21 11:48:32,540 - INFO - Trusted process: msedge.exe (Microsoft Corporation)
2024-08-21 11:48:32,540 - INFO - Trusted process: winlogon.exe (Microsoft Corporation)
2024-08-21 11:48:32,555 - INFO - Trusted process: svchost.exe (Microsoft Corporation)
2024-08-21 11:48:32,555 - INFO - Trusted process: WUDFHost.exe (Microsoft Corporation)
2024-08-21 11:48:32,555 - INFO - Trusted process: fontdrvhost.exe (Microsoft Corporation)
2024-08-21 11:48:32,571 - INFO - Trusted process: svchost.exe (Microsoft Corporation)
2024-08-21 11:48:32,571 - INFO - Trusted process: WUDFHost.exe (Microsoft Corporation)
2024-08-21 11:48:32,571 - INFO - Trusted process: svchost.exe (Microsoft Corporation)
2024-08-21 11:48:32,571 - INFO - Trusted process: svchost.exe (Microsoft Corporation)
2024-08-21 11:48:32,587 - INFO - Trusted process: svchost.exe (Microsoft Corporation)
2024-08-21 11:48:32,587 - INFO - Trusted process: svchost.exe (Microsoft Corporation)
2024-08-21 11:48:32,587 - INFO - Trusted process: svchost.exe (Microsoft Corporation)
2024-08-21 11:48:32,587 - INFO - Trusted process: svchost.exe (Microsoft Corporation)
2024-08-21 11:48:32,587 - INFO - Trusted process: svchost.exe (Microsoft Corporation)
2024-08-21 11:48:32,602 - INFO - Trusted process: svchost.exe (Microsoft Corporation)
2024-08-21 11:48:32,602 - INFO - Trusted process: svchost.exe (Microsoft Corporation)
2024-08-21 11:48:32,602 - INFO - Trusted process: svchost.exe (Microsoft Corporation)
2024-08-21 11:48:32,602 - INFO - Trusted process: svchost.exe (Microsoft Corporation)
2024-08-21 11:48:32,618 - INFO - Trusted process: svchost.exe (Microsoft Corporation)
2024-08-21 11:48:32,618 - INFO - Trusted process: svchost.exe (Microsoft Corporation)
2024-08-21 11:48:32,618 - INFO - Trusted process: svchost.exe (Microsoft Corporation)
2024-08-21 11:48:32,618 - INFO - Suspicious process: igfxCUIService.exe (Intel Corporation)
2024-08-21 11:48:32,618 - INFO - Suspicious process: UBTService.exe (Acer Incorporated)
2024-08-21 11:48:32,618 - INFO - Trusted process: svchost.exe (Microsoft Corporation)
2024-08-21 11:48:32,634 - INFO - Trusted process: svchost.exe (Microsoft Corporation)
2024-08-21 11:48:32,634 - INFO - Trusted process: dwm.exe (Microsoft Corporation)
2024-08-21 11:48:32,634 - INFO - Trusted process: svchost.exe (Microsoft Corporation)
2024-08-21 11:48:32,634 - INFO - Trusted process: svchost.exe (Microsoft Corporation)
2024-08-21 11:48:32,634 - INFO - Trusted process: dasHost.exe (Microsoft Corporation)
2024-08-21 11:48:32,634 - INFO - Suspicious process: nvcontainer.exe (NVIDIA Corporation)
2024-08-21 11:48:32,634 - INFO - Trusted process: svchost.exe (Microsoft Corporation)
2024-08-21 11:48:32,649 - INFO - Trusted process: svchost.exe (Microsoft Corporation)
2024-08-21 11:48:32,649 - INFO - Trusted process: svchost.exe (Microsoft Corporation)
2024-08-21 11:48:32,649 - INFO - Trusted process: svchost.exe (Microsoft Corporation)
2024-08-21 11:48:32,649 - INFO - Trusted process: svchost.exe (Microsoft Corporation)
2024-08-21 11:48:32,649 - INFO - Suspicious process: NVDisplay.Container.exe (NVIDIA Corporation)
2024-08-21 11:48:32,649 - INFO - Trusted process: svchost.exe (Microsoft Corporation)
2024-08-21 11:48:32,665 - INFO - Trusted process: svchost.exe (Microsoft Corporation)
2024-08-21 11:48:32,665 - INFO - Trusted process: svchost.exe (Microsoft Corporation)
2024-08-21 11:48:32,665 - INFO - Trusted process: svchost.exe (Microsoft Corporation)
2024-08-21 11:48:32,665 - INFO - Trusted process: svchost.exe (Microsoft Corporation)
2024-08-21 11:48:32,665 - INFO - Trusted process: powershell.exe (Microsoft Corporation)
2024-08-21 11:48:32,665 - INFO - Trusted process: svchost.exe (Microsoft Corporation)
2024-08-21 11:48:32,680 - INFO - Trusted process: svchost.exe (Microsoft Corporation)
2024-08-21 11:48:32,680 - INFO - Suspicious process: NVDisplay.Container.exe (NVIDIA Corporation)
2024-08-21 11:48:32,680 - INFO - Trusted process: svchost.exe (Microsoft Corporation)
2024-08-21 11:48:32,680 - INFO - Trusted process: WmiPrvSE.exe (Microsoft Corporation)
2024-08-21 11:48:32,680 - INFO - Trusted process: WmiPrvSE.exe (Microsoft Corporation)
2024-08-21 11:48:32,680 - INFO - Trusted process: svchost.exe (Microsoft Corporation)
2024-08-21 11:48:32,680 - INFO - Trusted process: svchost.exe (Microsoft Corporation)
2024-08-21 11:48:32,696 - INFO - Trusted process: svchost.exe (Microsoft Corporation)
2024-08-21 11:48:32,696 - INFO - Trusted process: Code.exe (Microsoft Corporation)
2024-08-21 11:48:32,696 - INFO - Trusted process: RuntimeBroker.exe (Microsoft Corporation)
2024-08-21 11:48:32,696 - INFO - Trusted process: svchost.exe (Microsoft Corporation)
2024-08-21 11:48:32,696 - INFO - Trusted process: msedge.exe (Microsoft Corporation)
2024-08-21 11:48:32,696 - INFO - Trusted process: backgroundTaskHost.exe (Microsoft Corporation)
2024-08-21 11:48:32,696 - INFO - Trusted process: sihost.exe (Microsoft Corporation)
2024-08-21 11:48:32,696 - INFO - Trusted process: svchost.exe (Microsoft Corporation)
2024-08-21 11:48:32,696 - INFO - Trusted process: svchost.exe (Microsoft Corporation)
2024-08-21 11:48:32,712 - INFO - Trusted process: dllhost.exe (Microsoft Corporation)
2024-08-21 11:48:32,712 - INFO - Trusted process: PresentationFontCache.exe (Microsoft Corporation)
2024-08-21 11:48:32,712 - INFO - Trusted process: svchost.exe (Microsoft Corporation)
2024-08-21 11:48:32,712 - INFO - Trusted process: conhost.exe (Microsoft Corporation)
2024-08-21 11:48:32,712 - INFO - Trusted process: svchost.exe (Microsoft Corporation)
2024-08-21 11:48:32,712 - INFO - Trusted process: svchost.exe (Microsoft Corporation)
2024-08-21 11:48:32,727 - INFO - Trusted process: svchost.exe (Microsoft Corporation)
2024-08-21 11:48:32,727 - INFO - Trusted process: taskhostw.exe (Microsoft Corporation)
2024-08-21 11:48:32,727 - INFO - Trusted process: svchost.exe (Microsoft Corporation)
2024-08-21 11:48:32,727 - INFO - Trusted process: svchost.exe (Microsoft Corporation)
2024-08-21 11:48:32,743 - INFO - Trusted process: svchost.exe (Microsoft Corporation)
2024-08-21 11:48:32,743 - INFO - Trusted process: msedge.exe (Microsoft Corporation)
2024-08-21 11:48:32,743 - INFO - Trusted process: svchost.exe (Microsoft Corporation)
2024-08-21 11:48:32,743 - INFO - Trusted process: spoolsv.exe (Microsoft Corporation)
2024-08-21 11:48:32,743 - INFO - Trusted process: gamingservices.exe (Microsoft Corporation)
2024-08-21 11:48:32,743 - INFO - Trusted process: gamingservicesnet.exe (Microsoft Corporation)
2024-08-21 11:48:32,760 - INFO - Suspicious process: igfxEM.exe (Intel Corporation)
2024-08-21 11:48:32,763 - INFO - Trusted process: msedgewebview2.exe (Microsoft Corporation)
2024-08-21 11:48:32,763 - INFO - Trusted process: svchost.exe (Microsoft Corporation)
2024-08-21 11:48:32,763 - INFO - Trusted process: wlanext.exe (Microsoft Corporation)
2024-08-21 11:48:32,770 - INFO - Trusted process: conhost.exe (Microsoft Corporation)
2024-08-21 11:48:32,770 - INFO - Suspicious process: vmnat.exe (VMware, Inc.)
2024-08-21 11:48:32,778 - INFO - Suspicious process: vmware-usbarbitrator64.exe (VMware, Inc.)
2024-08-21 11:48:32,778 - INFO - Trusted process: MsMpEng.exe (Microsoft Corporation)
2024-08-21 11:48:32,778 - INFO - Trusted process: Code.exe (Microsoft Corporation)
2024-08-21 11:48:32,778 - INFO - Trusted process: svchost.exe (Microsoft Corporation)
2024-08-21 11:48:32,786 - INFO - Trusted process: svchost.exe (Microsoft Corporation)
2024-08-21 11:48:32,786 - INFO - Suspicious process: ACCSvc.exe (Acer Incorporated)
2024-08-21 11:48:32,786 - INFO - Suspicious process: armsvc.exe (Adobe Systems Incorporated)
2024-08-21 11:48:32,786 - INFO - Trusted process: AppleMobileDeviceService.exe (Apple Inc.)
2024-08-21 11:48:32,786 - INFO - Trusted process: mDNSResponder.exe (Apple Inc.)
2024-08-21 11:48:32,786 - INFO - Suspicious process: IntelCpHDCPSvc.exe (Intel Corporation)
2024-08-21 11:48:32,786 - INFO - Suspicious process: httpd.exe (Apache Software Foundation)
2024-08-21 11:48:32,803 - INFO - Suspicious process: xTendUtility.exe (Rivet Networks LLC)
2024-08-21 11:48:32,803 - INFO - Suspicious process: Bridge_Service.exe (GOTrustID Inc.)
2024-08-21 11:48:32,805 - INFO - Trusted process: svchost.exe (Microsoft Corporation)
2024-08-21 11:48:32,810 - INFO - Suspicious process: OneApp.IGCC.WinService.exe (Intel Corporation)
2024-08-21 11:48:32,812 - INFO - Suspicious process: DtsApo4Service.exe (DTS Inc.)
2024-08-21 11:48:32,812 - INFO - Suspicious process: nssm.exe (ExpressVPN)
2024-08-21 11:48:32,812 - INFO - Suspicious process: GTFidoService.exe (GOTrustID Inc.)
2024-08-21 11:48:32,812 - INFO - Trusted process: svchost.exe (Microsoft Corporation)
2024-08-21 11:48:32,812 - INFO - Suspicious process: KillerAnalyticsService.exe (Rivet Networks)
2024-08-21 11:48:32,812 - INFO - Suspicious process: jhi_service.exe (Intel Corporation)
2024-08-21 11:48:32,826 - INFO - Trusted process: svchost.exe (Microsoft Corporation)
2024-08-21 11:48:32,826 - INFO - Suspicious process: WsidService.exe (wondershare)
2024-08-21 11:48:32,826 - INFO - Suspicious process: LMS.exe (Intel Corporation)
2024-08-21 11:48:32,826 - INFO - Trusted process: OfficeClickToRun.exe (Microsoft Corporation)
2024-08-21 11:48:32,826 - INFO - Trusted process: MpDefenderCoreService.exe (Microsoft Corporation)
2024-08-21 11:48:32,826 - INFO - Trusted process: svchost.exe (Microsoft Corporation)
2024-08-21 11:48:32,842 - INFO - Suspicious process: NortonSecurity.exe (NortonLifelock Inc.)
2024-08-21 11:48:32,842 - INFO - Suspicious process: nvcontainer.exe (NVIDIA Corporation)
2024-08-21 11:48:32,842 - INFO - Suspicious process: mysqld.exe (Oracle Corporation)
2024-08-21 11:48:32,842 - INFO - Suspicious process: mysqld.exe (Oracle Corporation)
2024-08-21 11:48:32,842 - INFO - Suspicious process: nsWscSvc.exe (NortonLifeLock Inc.)
2024-08-21 11:48:32,842 - INFO - Suspicious process: esif_uf.exe (Intel Corporation)
2024-08-21 11:48:32,842 - INFO - Trusted process: svchost.exe (Microsoft Corporation)
2024-08-21 11:48:32,857 - INFO - Suspicious process: RstMwService.exe (Intel Corporation)
2024-08-21 11:48:32,857 - INFO - Suspicious process: RtkAudUService64.exe (Realtek Semiconductor)
2024-08-21 11:48:32,857 - INFO - Suspicious process: vmware-authd.exe (VMware, Inc.)
2024-08-21 11:48:32,857 - INFO - Suspicious process: SafeExamBrowser.Service.exe (ETH Zürich)
2024-08-21 11:48:32,857 - INFO - Suspicious process: vmnetdhcp.exe (VMware, Inc.)
2024-08-21 11:48:32,857 - INFO - Trusted process: svchost.exe (Microsoft Corporation)
2024-08-21 11:48:32,857 - INFO - Trusted process: wslservice.exe (Microsoft Corporation)
2024-08-21 11:48:32,873 - INFO - Trusted process: svchost.exe (Microsoft Corporation)
2024-08-21 11:48:32,873 - INFO - Trusted process: msedge.exe (Microsoft Corporation)
2024-08-21 11:48:32,873 - INFO - Suspicious process: XtuService.exe (Intel(R) Corporation)
2024-08-21 11:48:32,873 - INFO - Trusted process: Code.exe (Microsoft Corporation)
2024-08-21 11:48:32,873 - INFO - Suspicious process: KillerNetworkService.exe (Rivet Networks)
2024-08-21 11:48:32,873 - INFO - Suspicious process: CptService.exe (Zoom Video Communications, Inc.)
2024-08-21 11:48:32,873 - INFO - Suspicious process: KAPSService.exe (Rivet Networks, LLC.)
2024-08-21 11:48:32,888 - INFO - Trusted process: svchost.exe (Microsoft Corporation)
2024-08-21 11:48:32,888 - INFO - Suspicious process: expressvpnd.exe (ExpressVPN)
2024-08-21 11:48:32,888 - INFO - Trusted process: conhost.exe (Microsoft Corporation)
2024-08-21 11:48:32,888 - INFO - Suspicious process: IntelCpHeciSvc.exe (Intel Corporation)
2024-08-21 11:48:32,888 - INFO - Trusted process: conhost.exe (Microsoft Corporation)
2024-08-21 11:48:32,888 - INFO - Suspicious process: PSAdminAgent.exe (Acer Incorporated)
2024-08-21 11:48:32,904 - INFO - Suspicious process: NortonSecurity.exe (NortonLifelock Inc.)
2024-08-21 11:48:32,904 - INFO - Suspicious process: QAAgent.exe (Acer Incorporated)
2024-08-21 11:48:32,904 - INFO - Trusted process: svchost.exe (Microsoft Corporation)
2024-08-21 11:48:32,904 - INFO - Trusted process: sppsvc.exe (Microsoft Corporation)
2024-08-21 11:48:32,904 - INFO - Suspicious process: xTendUtilityService.exe (Rivet Networks, LLC.)
2024-08-21 11:48:32,904 - INFO - Trusted process: svchost.exe (Microsoft Corporation)
2024-08-21 11:48:32,920 - INFO - Trusted process: NisSrv.exe (Microsoft Corporation)
2024-08-21 11:48:32,920 - INFO - Trusted process: conhost.exe (Microsoft Corporation)
2024-08-21 11:48:32,920 - INFO - Suspicious process: KAPS.exe (Rivet Networks LLC)
2024-08-21 11:48:32,920 - INFO - Trusted process: conhost.exe (Microsoft Corporation)
2024-08-21 11:48:32,920 - INFO - Trusted process: unsecapp.exe (Microsoft Corporation)
2024-08-21 11:48:32,935 - INFO - Trusted process: conhost.exe (Microsoft Corporation)
2024-08-21 11:48:32,935 - INFO - Trusted process: Code.exe (Microsoft Corporation)
2024-08-21 11:48:32,935 - INFO - Trusted process: svchost.exe (Microsoft Corporation)
2024-08-21 11:48:32,935 - INFO - Trusted process: conhost.exe (Microsoft Corporation)
2024-08-21 11:48:32,951 - INFO - Trusted process: rundll32.exe (Microsoft Corporation)
2024-08-21 11:48:32,951 - INFO - Suspicious process: AppMonitorPlugIn.exe (Acer Incorporated)
2024-08-21 11:48:32,951 - INFO - Suspicious process: httpd.exe (Apache Software Foundation)
2024-08-21 11:48:32,951 - INFO - Suspicious process: NVIDIA Web Helper.exe (Node.js)
2024-08-21 11:48:32,951 - INFO - No company info for process: CamUsage.exe (C:\Program Files\Acer\User Experience Improvement Program Service\Framework\CamUsage.exe)
2024-08-21 11:48:32,967 - INFO - Suspicious process: NVIDIA Share.exe (NVIDIA Corporation)
2024-08-21 11:48:32,967 - INFO - Trusted process: svchost.exe (Microsoft Corporation)
2024-08-21 11:48:32,967 - INFO - Trusted process: explorer.exe (Microsoft Corporation)
2024-08-21 11:48:32,967 - INFO - Suspicious process: PSSvc.exe (Acer Incorporated)
2024-08-21 11:48:32,967 - INFO - Trusted process: svchost.exe (Microsoft Corporation)
2024-08-21 11:48:32,982 - INFO - Trusted process: backgroundTaskHost.exe (Microsoft Corporation)
2024-08-21 11:48:32,982 - INFO - Trusted process: RuntimeBroker.exe (Microsoft Corporation)
2024-08-21 11:48:32,982 - INFO - Suspicious process: PSAgent.exe (Acer Incorporated)
2024-08-21 11:48:32,982 - INFO - Trusted process: powershell.exe (Microsoft Corporation)
2024-08-21 11:48:32,982 - INFO - Suspicious process: RtkAudUService64.exe (Realtek Semiconductor)
2024-08-21 11:48:32,982 - INFO - Trusted process: svchost.exe (Microsoft Corporation)
2024-08-21 11:48:32,998 - INFO - Trusted process: svchost.exe (Microsoft Corporation)
2024-08-21 11:48:32,998 - INFO - Trusted process: SearchHost.exe (Microsoft Corporation)
2024-08-21 11:48:32,998 - INFO - Trusted process: StartMenuExperienceHost.exe (Microsoft Corporation)
2024-08-21 11:48:32,998 - INFO - Trusted process: Widgets.exe (Microsoft Corporation)
2024-08-21 11:48:32,998 - INFO - Trusted process: ctfmon.exe (Microsoft Corporation)
2024-08-21 11:48:32,998 - INFO - Suspicious process: nvcontainer.exe (NVIDIA Corporation)
2024-08-21 11:48:33,013 - INFO - Trusted process: RuntimeBroker.exe (Microsoft Corporation)
2024-08-21 11:48:33,013 - INFO - Trusted process: svchost.exe (Microsoft Corporation)
2024-08-21 11:48:33,013 - INFO - Trusted process: dllhost.exe (Microsoft Corporation)
2024-08-21 11:48:33,013 - INFO - Trusted process: TextInputHost.exe (Microsoft Corporation)
2024-08-21 11:48:33,013 - INFO - Trusted process: unsecapp.exe (Microsoft Corporation)
2024-08-21 11:48:33,013 - INFO - Trusted process: msedge.exe (Microsoft Corporation)
2024-08-21 11:48:33,029 - INFO - Trusted process: LocationNotificationWindows.exe (Microsoft Corporation)
2024-08-21 11:48:33,044 - INFO - Trusted process: PhoneExperienceHost.exe (Microsoft Corporation)
2024-08-21 11:48:33,047 - INFO - Suspicious process: IGCCTray.exe (Intel Corporation)
2024-08-21 11:48:33,049 - INFO - Trusted process: OneDrive.exe (Microsoft Corporation)
2024-08-21 11:48:33,050 - INFO - Suspicious process: NVIDIA Share.exe (NVIDIA Corporation)
2024-08-21 11:48:33,052 - INFO - Suspicious process: nvsphelper64.exe (NVIDIA Corporation)
2024-08-21 11:48:33,055 - INFO - Suspicious process: NVIDIA Share.exe (NVIDIA Corporation)
2024-08-21 11:48:33,057 - INFO - Suspicious process: QASvc.exe (Acer Incorporated)
2024-08-21 11:48:33,059 - INFO - Suspicious process: KillerControlCenter.exe (Rivet Networks)
2024-08-21 11:48:33,061 - ERROR - Error getting company info for C:\Users\Sujith Lesley\.vscode\extensions\ms-python.python-2024.12.3-win32-x64\python-env-tools\bin\pet.exe: (1813, 'GetFileVersionInfo:GetFileVersionInfoSize', 'The specified resource type cannot be found in the image file.')
2024-08-21 11:48:33,061 - INFO - No company info for process: pet.exe (C:\Users\Sujith Lesley\.vscode\extensions\ms-python.python-2024.12.3-win32-x64\python-env-tools\bin\pet.exe)
2024-08-21 11:48:33,063 - INFO - Trusted process: POWERPNT.EXE (Microsoft Corporation)
2024-08-21 11:48:33,066 - INFO - Trusted process: conhost.exe (Microsoft Corporation)
2024-08-21 11:48:33,069 - INFO - Suspicious process: IGCC.exe (Intel Corporation)
2024-08-21 11:48:33,071 - INFO - Trusted process: RuntimeBroker.exe (Microsoft Corporation)
2024-08-21 11:48:33,074 - INFO - Trusted process: svchost.exe (Microsoft Corporation)
2024-08-21 11:48:33,077 - INFO - Trusted process: svchost.exe (Microsoft Corporation)
2024-08-21 11:48:33,079 - INFO - Trusted process: Code.exe (Microsoft Corporation)
2024-08-21 11:48:33,082 - INFO - Suspicious process: QAAdminAgent.exe (Acer Incorporated)
2024-08-21 11:48:33,084 - INFO - Trusted process: svchost.exe (Microsoft Corporation)
2024-08-21 11:48:33,087 - INFO - Trusted process: ShellExperienceHost.exe (Microsoft Corporation)
2024-08-21 11:48:33,089 - INFO - Trusted process: Code.exe (Microsoft Corporation)
2024-08-21 11:48:33,091 - INFO - Trusted process: RuntimeBroker.exe (Microsoft Corporation)
2024-08-21 11:48:33,094 - INFO - Suspicious process: igfxext.exe (Intel Corporation)
2024-08-21 11:48:33,097 - INFO - Trusted process: SystemSettingsBroker.exe (Microsoft Corporation)
2024-08-21 11:48:33,100 - INFO - Trusted process: dllhost.exe (Microsoft Corporation)
2024-08-21 11:48:33,101 - INFO - Trusted process: msedge.exe (Microsoft Corporation)
2024-08-21 11:48:33,101 - INFO - Trusted process: svchost.exe (Microsoft Corporation)
2024-08-21 11:48:33,108 - INFO - Suspicious process: PredatorSense.exe (Acer Incorporated)
2024-08-21 11:48:33,111 - INFO - Trusted process: ApplicationFrameHost.exe (Microsoft Corporation)
2024-08-21 11:48:33,112 - INFO - Trusted process: msedge.exe (Microsoft Corporation)
2024-08-21 11:48:33,115 - INFO - Trusted process: msedge.exe (Microsoft Corporation)
2024-08-21 11:48:33,120 - INFO - Trusted process: audiodg.exe (Microsoft Corporation)
2024-08-21 11:48:33,124 - INFO - Suspicious process: ExpressVPNNotificationService.exe (ExpressVPN)
2024-08-21 11:48:33,128 - INFO - Trusted process: svchost.exe (Microsoft Corporation)
2024-08-21 11:48:33,130 - INFO - Trusted process: Code.exe (Microsoft Corporation)
2024-08-21 11:48:33,132 - INFO - Trusted process: msedge.exe (Microsoft Corporation)
2024-08-21 11:48:33,136 - INFO - Trusted process: svchost.exe (Microsoft Corporation)
2024-08-21 11:48:33,139 - INFO - Trusted process: msedgewebview2.exe (Microsoft Corporation)
2024-08-21 11:48:33,141 - INFO - Suspicious process: ePowerButton_NB.exe (Acer Incorporated)
2024-08-21 11:48:33,144 - INFO - Suspicious process: StorPSCTL.exe (Microsoft)
2024-08-21 11:48:33,148 - INFO - Trusted process: alg.exe (Microsoft Corporation)
2024-08-21 11:48:33,149 - INFO - Trusted process: FileCoAuth.exe (Microsoft Corporation)
2024-08-21 11:48:33,149 - INFO - Suspicious process: python.exe (Python Software Foundation)
2024-08-21 11:48:33,154 - INFO - Trusted process: msedgewebview2.exe (Microsoft Corporation)
2024-08-21 11:48:33,157 - INFO - Suspicious process: vgtray.exe (Riot Games, Inc.)
2024-08-21 11:48:33,159 - INFO - Trusted process: msedge.exe (Microsoft Corporation)
2024-08-21 11:48:33,163 - INFO - Trusted process: svchost.exe (Microsoft Corporation)
2024-08-21 11:48:33,165 - INFO - No company info for process: ACCStd.exe (C:\Program Files (x86)\Acer\Care Center\ACCStd.exe)
2024-08-21 11:48:33,166 - ERROR - Error getting company info for C:\Program Files\WindowsApps\5319275A.WhatsAppDesktop_2.2432.5.0_x64__cv1g1gvanyjgm\WhatsApp.exe: (1813, 'GetFileVersionInfo:GetFileVersionInfoSize', 'The specified resource type cannot be found in the image file.')
2024-08-21 11:48:33,166 - INFO - No company info for process: WhatsApp.exe (C:\Program Files\WindowsApps\5319275A.WhatsAppDesktop_2.2432.5.0_x64__cv1g1gvanyjgm\WhatsApp.exe)
2024-08-21 11:48:33,169 - INFO - Trusted process: Code.exe (Microsoft Corporation)
2024-08-21 11:48:33,172 - INFO - Trusted process: svchost.exe (Microsoft Corporation)
2024-08-21 11:48:33,174 - INFO - Trusted process: WidgetService.exe (Microsoft Corporation)
2024-08-21 11:48:33,178 - INFO - Trusted process: svchost.exe (Microsoft Corporation)
2024-08-21 11:48:33,181 - INFO - Trusted process: MoUsoCoreWorker.exe (Microsoft Corporation)
2024-08-21 11:48:33,183 - INFO - Trusted process: Code.exe (Microsoft Corporation)
2024-08-21 11:48:33,185 - INFO - Trusted process: Code.exe (Microsoft Corporation)
2024-08-21 11:48:33,187 - INFO - Trusted process: Code.exe (Microsoft Corporation)
2024-08-21 11:48:33,189 - INFO - Trusted process: SecurityHealthService.exe (Microsoft Corporation)
2024-08-21 11:48:33,192 - INFO - Trusted process: msedgewebview2.exe (Microsoft Corporation)
2024-08-21 11:48:33,195 - INFO - Trusted process: msedgewebview2.exe (Microsoft Corporation)
2024-08-21 11:48:33,198 - INFO - Trusted process: msedgewebview2.exe (Microsoft Corporation)
2024-08-21 11:48:33,203 - INFO - Trusted process: RuntimeBroker.exe (Microsoft Corporation)
2024-08-21 11:48:33,205 - INFO - Trusted process: msedgewebview2.exe (Microsoft Corporation)
2024-08-21 11:48:33,209 - INFO - Trusted process: powershell.exe (Microsoft Corporation)
2024-08-21 11:48:33,210 - INFO - Trusted process: conhost.exe (Microsoft Corporation)
2024-08-21 11:48:33,213 - INFO - Trusted process: svchost.exe (Microsoft Corporation)
2024-08-21 11:48:33,213 - INFO - Trusted process: svchost.exe (Microsoft Corporation)
2024-08-21 11:48:33,213 - INFO - Trusted process: msedge.exe (Microsoft Corporation)
2024-08-21 11:48:33,213 - INFO - Trusted process: RuntimeBroker.exe (Microsoft Corporation)
2024-08-21 11:48:33,213 - INFO - Trusted process: ai.exe (Microsoft Corporation)
2024-08-21 11:48:33,213 - INFO - Trusted process: msedge.exe (Microsoft Corporation)
2024-08-21 11:48:39,791 - WARNING - No executable path for process: System Idle Process
2024-08-21 11:48:39,791 - WARNING - No executable path for process: System
2024-08-21 11:48:39,791 - WARNING - No executable path for process: 
2024-08-21 11:48:39,791 - WARNING - File does not exist: Registry
2024-08-21 11:48:39,791 - INFO - No company info for process: Registry (Registry)
2024-08-21 11:48:39,799 - INFO - Trusted process: smss.exe (Microsoft Corporation)
2024-08-21 11:48:39,804 - INFO - Trusted process: svchost.exe (Microsoft Corporation)
2024-08-21 11:48:39,808 - INFO - Trusted process: csrss.exe (Microsoft Corporation)
2024-08-21 11:48:39,812 - INFO - No company info for process: MicUsage.exe (C:\Program Files\Acer\User Experience Improvement Program Service\Framework\MicUsage.exe)
2024-08-21 11:48:39,812 - INFO - Trusted process: conhost.exe (Microsoft Corporation)
2024-08-21 11:48:39,819 - INFO - Trusted process: wininit.exe (Microsoft Corporation)
2024-08-21 11:48:39,823 - INFO - Trusted process: csrss.exe (Microsoft Corporation)
2024-08-21 11:48:39,828 - INFO - Trusted process: services.exe (Microsoft Corporation)
2024-08-21 11:48:39,832 - INFO - Trusted process: LsaIso.exe (Microsoft Corporation)
2024-08-21 11:48:39,837 - INFO - Trusted process: lsass.exe (Microsoft Corporation)
2024-08-21 11:48:39,840 - INFO - Trusted process: svchost.exe (Microsoft Corporation)
2024-08-21 11:48:39,840 - INFO - Trusted process: svchost.exe (Microsoft Corporation)
2024-08-21 11:48:39,845 - INFO - Trusted process: svchost.exe (Microsoft Corporation)
2024-08-21 11:48:39,847 - INFO - Trusted process: fontdrvhost.exe (Microsoft Corporation)
2024-08-21 11:48:39,847 - INFO - Trusted process: svchost.exe (Microsoft Corporation)
2024-08-21 11:48:39,852 - INFO - Trusted process: msedge.exe (Microsoft Corporation)
2024-08-21 11:48:39,852 - INFO - Trusted process: winlogon.exe (Microsoft Corporation)
2024-08-21 11:48:39,852 - INFO - Trusted process: svchost.exe (Microsoft Corporation)
2024-08-21 11:48:39,852 - INFO - Trusted process: WUDFHost.exe (Microsoft Corporation)
2024-08-21 11:48:39,863 - INFO - Trusted process: fontdrvhost.exe (Microsoft Corporation)
2024-08-21 11:48:39,863 - INFO - Trusted process: svchost.exe (Microsoft Corporation)
2024-08-21 11:48:39,863 - INFO - Trusted process: WUDFHost.exe (Microsoft Corporation)
2024-08-21 11:48:39,863 - INFO - Suspicious process: NetworkconnectionV2.exe (Acer Incorporated)
2024-08-21 11:48:39,863 - INFO - Trusted process: svchost.exe (Microsoft Corporation)
2024-08-21 11:48:39,863 - INFO - Trusted process: svchost.exe (Microsoft Corporation)
2024-08-21 11:48:39,879 - INFO - Trusted process: svchost.exe (Microsoft Corporation)
2024-08-21 11:48:39,879 - INFO - Trusted process: svchost.exe (Microsoft Corporation)
2024-08-21 11:48:39,879 - INFO - Trusted process: svchost.exe (Microsoft Corporation)
2024-08-21 11:48:39,879 - INFO - Trusted process: svchost.exe (Microsoft Corporation)
2024-08-21 11:48:39,879 - INFO - Trusted process: svchost.exe (Microsoft Corporation)
2024-08-21 11:48:39,894 - INFO - Trusted process: svchost.exe (Microsoft Corporation)
2024-08-21 11:48:39,894 - INFO - Trusted process: svchost.exe (Microsoft Corporation)
2024-08-21 11:48:39,894 - INFO - Trusted process: svchost.exe (Microsoft Corporation)
2024-08-21 11:48:39,910 - INFO - Trusted process: svchost.exe (Microsoft Corporation)
2024-08-21 11:48:39,910 - INFO - Trusted process: svchost.exe (Microsoft Corporation)
2024-08-21 11:48:39,910 - INFO - Trusted process: svchost.exe (Microsoft Corporation)
2024-08-21 11:48:39,910 - INFO - Trusted process: svchost.exe (Microsoft Corporation)
2024-08-21 11:48:39,926 - INFO - Suspicious process: igfxCUIService.exe (Intel Corporation)
2024-08-21 11:48:39,926 - INFO - Suspicious process: UBTService.exe (Acer Incorporated)
2024-08-21 11:48:39,926 - INFO - Trusted process: svchost.exe (Microsoft Corporation)
2024-08-21 11:48:39,926 - INFO - Trusted process: svchost.exe (Microsoft Corporation)
2024-08-21 11:48:39,926 - INFO - Trusted process: dwm.exe (Microsoft Corporation)
2024-08-21 11:48:39,941 - INFO - Trusted process: svchost.exe (Microsoft Corporation)
2024-08-21 11:48:39,941 - INFO - Trusted process: svchost.exe (Microsoft Corporation)
2024-08-21 11:48:39,941 - INFO - Trusted process: dasHost.exe (Microsoft Corporation)
2024-08-21 11:48:39,941 - INFO - Suspicious process: nvcontainer.exe (NVIDIA Corporation)
2024-08-21 11:48:39,941 - INFO - Trusted process: svchost.exe (Microsoft Corporation)
2024-08-21 11:48:39,941 - INFO - Trusted process: svchost.exe (Microsoft Corporation)
2024-08-21 11:48:39,957 - INFO - Trusted process: svchost.exe (Microsoft Corporation)
2024-08-21 11:48:39,957 - INFO - Trusted process: svchost.exe (Microsoft Corporation)
2024-08-21 11:48:39,957 - INFO - Trusted process: svchost.exe (Microsoft Corporation)
2024-08-21 11:48:39,957 - INFO - Suspicious process: NVDisplay.Container.exe (NVIDIA Corporation)
2024-08-21 11:48:39,957 - INFO - Trusted process: svchost.exe (Microsoft Corporation)
2024-08-21 11:48:39,973 - INFO - Trusted process: svchost.exe (Microsoft Corporation)
2024-08-21 11:48:39,973 - INFO - Trusted process: svchost.exe (Microsoft Corporation)
2024-08-21 11:48:39,973 - INFO - Trusted process: svchost.exe (Microsoft Corporation)
2024-08-21 11:48:39,973 - INFO - Trusted process: svchost.exe (Microsoft Corporation)
2024-08-21 11:48:39,988 - INFO - Trusted process: powershell.exe (Microsoft Corporation)
2024-08-21 11:48:39,988 - INFO - Trusted process: svchost.exe (Microsoft Corporation)
2024-08-21 11:48:39,995 - INFO - Trusted process: svchost.exe (Microsoft Corporation)
2024-08-21 11:48:39,997 - INFO - Suspicious process: NVDisplay.Container.exe (NVIDIA Corporation)
2024-08-21 11:48:40,000 - INFO - Trusted process: svchost.exe (Microsoft Corporation)
2024-08-21 11:48:40,001 - INFO - Trusted process: WmiPrvSE.exe (Microsoft Corporation)
2024-08-21 11:48:40,003 - INFO - Trusted process: WmiPrvSE.exe (Microsoft Corporation)
2024-08-21 11:48:40,007 - INFO - Trusted process: svchost.exe (Microsoft Corporation)
2024-08-21 11:48:40,010 - INFO - Trusted process: svchost.exe (Microsoft Corporation)
2024-08-21 11:48:40,011 - INFO - Suspicious process: python.exe (Python Software Foundation)
2024-08-21 11:48:40,014 - INFO - Trusted process: svchost.exe (Microsoft Corporation)
2024-08-21 11:48:40,016 - INFO - Trusted process: Code.exe (Microsoft Corporation)
2024-08-21 11:48:40,018 - INFO - Trusted process: RuntimeBroker.exe (Microsoft Corporation)
2024-08-21 11:48:40,022 - INFO - Trusted process: svchost.exe (Microsoft Corporation)
2024-08-21 11:48:40,024 - INFO - Trusted process: msedge.exe (Microsoft Corporation)
2024-08-21 11:48:40,026 - INFO - Trusted process: backgroundTaskHost.exe (Microsoft Corporation)
2024-08-21 11:48:40,027 - INFO - Trusted process: sihost.exe (Microsoft Corporation)
2024-08-21 11:48:40,028 - INFO - Trusted process: svchost.exe (Microsoft Corporation)
2024-08-21 11:48:40,031 - INFO - Trusted process: svchost.exe (Microsoft Corporation)
2024-08-21 11:48:40,031 - INFO - Trusted process: dllhost.exe (Microsoft Corporation)
2024-08-21 11:48:40,037 - INFO - Trusted process: PresentationFontCache.exe (Microsoft Corporation)
2024-08-21 11:48:40,037 - INFO - Trusted process: svchost.exe (Microsoft Corporation)
2024-08-21 11:48:40,037 - INFO - Trusted process: conhost.exe (Microsoft Corporation)
2024-08-21 11:48:40,037 - INFO - Trusted process: svchost.exe (Microsoft Corporation)
2024-08-21 11:48:40,047 - INFO - Trusted process: svchost.exe (Microsoft Corporation)
2024-08-21 11:48:40,051 - INFO - Trusted process: svchost.exe (Microsoft Corporation)
2024-08-21 11:48:40,058 - INFO - Trusted process: taskhostw.exe (Microsoft Corporation)
2024-08-21 11:48:40,062 - INFO - Trusted process: svchost.exe (Microsoft Corporation)
2024-08-21 11:48:40,066 - INFO - Trusted process: svchost.exe (Microsoft Corporation)
2024-08-21 11:48:40,070 - INFO - Trusted process: svchost.exe (Microsoft Corporation)
2024-08-21 11:48:40,073 - INFO - Trusted process: msedge.exe (Microsoft Corporation)
2024-08-21 11:48:40,077 - INFO - Trusted process: svchost.exe (Microsoft Corporation)
2024-08-21 11:48:40,081 - INFO - Trusted process: spoolsv.exe (Microsoft Corporation)
2024-08-21 11:48:40,085 - INFO - Trusted process: gamingservices.exe (Microsoft Corporation)
2024-08-21 11:48:40,088 - INFO - Trusted process: gamingservicesnet.exe (Microsoft Corporation)
2024-08-21 11:48:40,090 - INFO - Suspicious process: igfxEM.exe (Intel Corporation)
2024-08-21 11:48:40,090 - INFO - Trusted process: msedgewebview2.exe (Microsoft Corporation)
2024-08-21 11:48:40,097 - INFO - Trusted process: svchost.exe (Microsoft Corporation)
2024-08-21 11:48:40,101 - INFO - Trusted process: wlanext.exe (Microsoft Corporation)
2024-08-21 11:48:40,104 - INFO - Trusted process: conhost.exe (Microsoft Corporation)
2024-08-21 11:48:40,107 - INFO - Suspicious process: vmnat.exe (VMware, Inc.)
2024-08-21 11:48:40,109 - INFO - Suspicious process: vmware-usbarbitrator64.exe (VMware, Inc.)
2024-08-21 11:48:40,111 - INFO - Trusted process: MsMpEng.exe (Microsoft Corporation)
2024-08-21 11:48:40,113 - INFO - Trusted process: Code.exe (Microsoft Corporation)
2024-08-21 11:48:40,119 - INFO - Trusted process: svchost.exe (Microsoft Corporation)
2024-08-21 11:48:40,122 - INFO - Trusted process: svchost.exe (Microsoft Corporation)
2024-08-21 11:48:40,124 - INFO - Suspicious process: ACCSvc.exe (Acer Incorporated)
2024-08-21 11:48:40,125 - INFO - Suspicious process: armsvc.exe (Adobe Systems Incorporated)
2024-08-21 11:48:40,126 - INFO - Trusted process: AppleMobileDeviceService.exe (Apple Inc.)
2024-08-21 11:48:40,129 - INFO - Trusted process: mDNSResponder.exe (Apple Inc.)
2024-08-21 11:48:40,130 - INFO - Suspicious process: IntelCpHDCPSvc.exe (Intel Corporation)
2024-08-21 11:48:40,132 - INFO - Suspicious process: httpd.exe (Apache Software Foundation)
2024-08-21 11:48:40,133 - INFO - Suspicious process: xTendUtility.exe (Rivet Networks LLC)
2024-08-21 11:48:40,134 - INFO - Suspicious process: Bridge_Service.exe (GOTrustID Inc.)
2024-08-21 11:48:40,137 - INFO - Trusted process: svchost.exe (Microsoft Corporation)
2024-08-21 11:48:40,139 - INFO - Suspicious process: OneApp.IGCC.WinService.exe (Intel Corporation)
2024-08-21 11:48:40,139 - INFO - Suspicious process: DtsApo4Service.exe (DTS Inc.)
2024-08-21 11:48:40,141 - INFO - Suspicious process: nssm.exe (ExpressVPN)
2024-08-21 11:48:40,142 - INFO - Suspicious process: GTFidoService.exe (GOTrustID Inc.)
2024-08-21 11:48:40,144 - INFO - Trusted process: svchost.exe (Microsoft Corporation)
2024-08-21 11:48:40,144 - INFO - Suspicious process: KillerAnalyticsService.exe (Rivet Networks)
2024-08-21 11:48:40,144 - INFO - Suspicious process: jhi_service.exe (Intel Corporation)
2024-08-21 11:48:40,144 - INFO - Trusted process: svchost.exe (Microsoft Corporation)
2024-08-21 11:48:40,144 - INFO - Suspicious process: WsidService.exe (wondershare)
2024-08-21 11:48:40,144 - INFO - Suspicious process: LMS.exe (Intel Corporation)
2024-08-21 11:48:40,144 - INFO - Trusted process: OfficeClickToRun.exe (Microsoft Corporation)
2024-08-21 11:48:40,144 - INFO - Trusted process: MpDefenderCoreService.exe (Microsoft Corporation)
2024-08-21 11:48:40,161 - INFO - Trusted process: svchost.exe (Microsoft Corporation)
2024-08-21 11:48:40,161 - INFO - Suspicious process: NortonSecurity.exe (NortonLifelock Inc.)
2024-08-21 11:48:40,161 - INFO - Suspicious process: nvcontainer.exe (NVIDIA Corporation)
2024-08-21 11:48:40,161 - INFO - Suspicious process: mysqld.exe (Oracle Corporation)
2024-08-21 11:48:40,161 - INFO - Suspicious process: mysqld.exe (Oracle Corporation)
2024-08-21 11:48:40,161 - INFO - Suspicious process: nsWscSvc.exe (NortonLifeLock Inc.)
2024-08-21 11:48:40,176 - INFO - Suspicious process: esif_uf.exe (Intel Corporation)
2024-08-21 11:48:40,179 - INFO - Trusted process: svchost.exe (Microsoft Corporation)
2024-08-21 11:48:40,179 - INFO - Suspicious process: RstMwService.exe (Intel Corporation)
2024-08-21 11:48:40,179 - INFO - Suspicious process: RtkAudUService64.exe (Realtek Semiconductor)
2024-08-21 11:48:40,186 - INFO - Suspicious process: vmware-authd.exe (VMware, Inc.)
2024-08-21 11:48:40,186 - INFO - Suspicious process: SafeExamBrowser.Service.exe (ETH Zürich)
2024-08-21 11:48:40,186 - INFO - Suspicious process: vmnetdhcp.exe (VMware, Inc.)
2024-08-21 11:48:40,194 - INFO - Trusted process: svchost.exe (Microsoft Corporation)
2024-08-21 11:48:40,194 - INFO - Trusted process: wslservice.exe (Microsoft Corporation)
2024-08-21 11:48:40,194 - INFO - Trusted process: svchost.exe (Microsoft Corporation)
2024-08-21 11:48:40,194 - INFO - Trusted process: msedge.exe (Microsoft Corporation)
2024-08-21 11:48:40,194 - INFO - Suspicious process: XtuService.exe (Intel(R) Corporation)
2024-08-21 11:48:40,202 - INFO - Trusted process: Code.exe (Microsoft Corporation)
2024-08-21 11:48:40,202 - INFO - Suspicious process: KillerNetworkService.exe (Rivet Networks)
2024-08-21 11:48:40,202 - INFO - Suspicious process: CptService.exe (Zoom Video Communications, Inc.)
2024-08-21 11:48:40,202 - INFO - Suspicious process: KAPSService.exe (Rivet Networks, LLC.)
2024-08-21 11:48:40,202 - INFO - Trusted process: svchost.exe (Microsoft Corporation)
2024-08-21 11:48:40,202 - INFO - Suspicious process: expressvpnd.exe (ExpressVPN)
2024-08-21 11:48:40,202 - INFO - Trusted process: conhost.exe (Microsoft Corporation)
2024-08-21 11:48:40,202 - INFO - Suspicious process: IntelCpHeciSvc.exe (Intel Corporation)
2024-08-21 11:48:40,218 - INFO - Trusted process: conhost.exe (Microsoft Corporation)
2024-08-21 11:48:40,218 - INFO - Suspicious process: PSAdminAgent.exe (Acer Incorporated)
2024-08-21 11:48:40,218 - INFO - Suspicious process: NortonSecurity.exe (NortonLifelock Inc.)
2024-08-21 11:48:40,218 - INFO - Suspicious process: QAAgent.exe (Acer Incorporated)
2024-08-21 11:48:40,218 - INFO - Trusted process: svchost.exe (Microsoft Corporation)
2024-08-21 11:48:40,218 - INFO - Trusted process: sppsvc.exe (Microsoft Corporation)
2024-08-21 11:48:40,218 - INFO - Suspicious process: xTendUtilityService.exe (Rivet Networks, LLC.)
2024-08-21 11:48:40,233 - INFO - Trusted process: svchost.exe (Microsoft Corporation)
2024-08-21 11:48:40,233 - INFO - Trusted process: NisSrv.exe (Microsoft Corporation)
2024-08-21 11:48:40,233 - INFO - Trusted process: conhost.exe (Microsoft Corporation)
2024-08-21 11:48:40,233 - INFO - Suspicious process: KAPS.exe (Rivet Networks LLC)
2024-08-21 11:48:40,233 - INFO - Trusted process: conhost.exe (Microsoft Corporation)
2024-08-21 11:48:40,233 - INFO - Trusted process: unsecapp.exe (Microsoft Corporation)
2024-08-21 11:48:40,233 - INFO - Trusted process: conhost.exe (Microsoft Corporation)
2024-08-21 11:48:40,249 - INFO - Trusted process: Code.exe (Microsoft Corporation)
2024-08-21 11:48:40,251 - INFO - Trusted process: svchost.exe (Microsoft Corporation)
2024-08-21 11:48:40,257 - INFO - Trusted process: conhost.exe (Microsoft Corporation)
2024-08-21 11:48:40,257 - INFO - Trusted process: rundll32.exe (Microsoft Corporation)
2024-08-21 11:48:40,265 - INFO - Suspicious process: AppMonitorPlugIn.exe (Acer Incorporated)
2024-08-21 11:48:40,269 - INFO - Suspicious process: httpd.exe (Apache Software Foundation)
2024-08-21 11:48:40,275 - INFO - Suspicious process: NVIDIA Web Helper.exe (Node.js)
2024-08-21 11:48:40,279 - INFO - No company info for process: CamUsage.exe (C:\Program Files\Acer\User Experience Improvement Program Service\Framework\CamUsage.exe)
2024-08-21 11:48:40,283 - INFO - Suspicious process: NVIDIA Share.exe (NVIDIA Corporation)
2024-08-21 11:48:40,287 - INFO - Trusted process: svchost.exe (Microsoft Corporation)
2024-08-21 11:48:40,290 - INFO - Trusted process: explorer.exe (Microsoft Corporation)
2024-08-21 11:48:40,291 - INFO - Suspicious process: PSSvc.exe (Acer Incorporated)
2024-08-21 11:48:40,293 - INFO - Trusted process: svchost.exe (Microsoft Corporation)
2024-08-21 11:48:40,297 - INFO - Trusted process: backgroundTaskHost.exe (Microsoft Corporation)
2024-08-21 11:48:40,297 - INFO - Trusted process: RuntimeBroker.exe (Microsoft Corporation)
2024-08-21 11:48:40,297 - INFO - Suspicious process: PSAgent.exe (Acer Incorporated)
2024-08-21 11:48:40,302 - INFO - Trusted process: powershell.exe (Microsoft Corporation)
2024-08-21 11:48:40,304 - INFO - Suspicious process: RtkAudUService64.exe (Realtek Semiconductor)
2024-08-21 11:48:40,308 - INFO - Trusted process: svchost.exe (Microsoft Corporation)
2024-08-21 11:48:40,310 - INFO - Trusted process: svchost.exe (Microsoft Corporation)
2024-08-21 11:48:40,311 - INFO - Trusted process: SearchHost.exe (Microsoft Corporation)
2024-08-21 11:48:40,313 - INFO - Trusted process: StartMenuExperienceHost.exe (Microsoft Corporation)
2024-08-21 11:48:40,316 - INFO - Trusted process: Widgets.exe (Microsoft Corporation)
2024-08-21 11:48:40,318 - INFO - Trusted process: ctfmon.exe (Microsoft Corporation)
2024-08-21 11:48:40,321 - INFO - Suspicious process: nvcontainer.exe (NVIDIA Corporation)
2024-08-21 11:48:40,322 - INFO - Trusted process: RuntimeBroker.exe (Microsoft Corporation)
2024-08-21 11:48:40,325 - INFO - Trusted process: svchost.exe (Microsoft Corporation)
2024-08-21 11:48:40,326 - INFO - Trusted process: dllhost.exe (Microsoft Corporation)
2024-08-21 11:48:40,329 - INFO - Trusted process: TextInputHost.exe (Microsoft Corporation)
2024-08-21 11:48:40,331 - INFO - Trusted process: unsecapp.exe (Microsoft Corporation)
2024-08-21 11:48:40,338 - INFO - Trusted process: msedge.exe (Microsoft Corporation)
2024-08-21 11:48:40,340 - INFO - Trusted process: LocationNotificationWindows.exe (Microsoft Corporation)
2024-08-21 11:48:40,347 - INFO - Trusted process: PhoneExperienceHost.exe (Microsoft Corporation)
2024-08-21 11:48:40,347 - INFO - Suspicious process: IGCCTray.exe (Intel Corporation)
2024-08-21 11:48:40,352 - INFO - Trusted process: OneDrive.exe (Microsoft Corporation)
2024-08-21 11:48:40,354 - INFO - Suspicious process: NVIDIA Share.exe (NVIDIA Corporation)
2024-08-21 11:48:40,354 - INFO - Suspicious process: nvsphelper64.exe (NVIDIA Corporation)
2024-08-21 11:48:40,359 - INFO - Suspicious process: NVIDIA Share.exe (NVIDIA Corporation)
2024-08-21 11:48:40,362 - INFO - Suspicious process: QASvc.exe (Acer Incorporated)
2024-08-21 11:48:40,367 - INFO - Suspicious process: KillerControlCenter.exe (Rivet Networks)
2024-08-21 11:48:40,367 - ERROR - Error getting company info for C:\Users\Sujith Lesley\.vscode\extensions\ms-python.python-2024.12.3-win32-x64\python-env-tools\bin\pet.exe: (1813, 'GetFileVersionInfo:GetFileVersionInfoSize', 'The specified resource type cannot be found in the image file.')
2024-08-21 11:48:40,367 - INFO - No company info for process: pet.exe (C:\Users\Sujith Lesley\.vscode\extensions\ms-python.python-2024.12.3-win32-x64\python-env-tools\bin\pet.exe)
2024-08-21 11:48:40,367 - INFO - Trusted process: POWERPNT.EXE (Microsoft Corporation)
2024-08-21 11:48:40,375 - INFO - Trusted process: conhost.exe (Microsoft Corporation)
2024-08-21 11:48:40,382 - INFO - Suspicious process: IGCC.exe (Intel Corporation)
2024-08-21 11:48:40,382 - INFO - Trusted process: RuntimeBroker.exe (Microsoft Corporation)
2024-08-21 11:48:40,388 - INFO - Trusted process: svchost.exe (Microsoft Corporation)
2024-08-21 11:48:40,397 - INFO - Trusted process: svchost.exe (Microsoft Corporation)
2024-08-21 11:48:40,401 - INFO - Trusted process: Code.exe (Microsoft Corporation)
2024-08-21 11:48:40,403 - INFO - Suspicious process: QAAdminAgent.exe (Acer Incorporated)
2024-08-21 11:48:40,408 - INFO - Trusted process: svchost.exe (Microsoft Corporation)
2024-08-21 11:48:40,415 - INFO - Trusted process: ShellExperienceHost.exe (Microsoft Corporation)
2024-08-21 11:48:40,418 - INFO - Trusted process: Code.exe (Microsoft Corporation)
2024-08-21 11:48:40,422 - INFO - Trusted process: RuntimeBroker.exe (Microsoft Corporation)
2024-08-21 11:48:40,422 - INFO - Suspicious process: igfxext.exe (Intel Corporation)
2024-08-21 11:48:40,430 - INFO - Trusted process: SystemSettingsBroker.exe (Microsoft Corporation)
2024-08-21 11:48:40,435 - INFO - Trusted process: dllhost.exe (Microsoft Corporation)
2024-08-21 11:48:40,439 - INFO - Trusted process: msedge.exe (Microsoft Corporation)
2024-08-21 11:48:40,444 - INFO - Trusted process: svchost.exe (Microsoft Corporation)
2024-08-21 11:48:40,444 - INFO - Suspicious process: PredatorSense.exe (Acer Incorporated)
2024-08-21 11:48:40,444 - INFO - Trusted process: ApplicationFrameHost.exe (Microsoft Corporation)
2024-08-21 11:48:40,450 - INFO - Trusted process: msedge.exe (Microsoft Corporation)
2024-08-21 11:48:40,450 - INFO - Trusted process: msedge.exe (Microsoft Corporation)
2024-08-21 11:48:40,459 - INFO - Trusted process: audiodg.exe (Microsoft Corporation)
2024-08-21 11:48:40,471 - INFO - Suspicious process: ExpressVPNNotificationService.exe (ExpressVPN)
2024-08-21 11:48:40,471 - INFO - Trusted process: svchost.exe (Microsoft Corporation)
2024-08-21 11:48:40,478 - INFO - Trusted process: Code.exe (Microsoft Corporation)
2024-08-21 11:48:40,478 - INFO - Trusted process: msedge.exe (Microsoft Corporation)
2024-08-21 11:48:40,485 - INFO - Trusted process: svchost.exe (Microsoft Corporation)
2024-08-21 11:48:40,485 - INFO - Trusted process: msedgewebview2.exe (Microsoft Corporation)
2024-08-21 11:48:40,485 - INFO - Suspicious process: ePowerButton_NB.exe (Acer Incorporated)
2024-08-21 11:48:40,492 - INFO - Suspicious process: StorPSCTL.exe (Microsoft)
2024-08-21 11:48:40,492 - INFO - Trusted process: alg.exe (Microsoft Corporation)
2024-08-21 11:48:40,498 - INFO - Trusted process: FileCoAuth.exe (Microsoft Corporation)
2024-08-21 11:48:40,501 - INFO - Trusted process: msedgewebview2.exe (Microsoft Corporation)
2024-08-21 11:48:40,506 - INFO - Suspicious process: vgtray.exe (Riot Games, Inc.)
2024-08-21 11:48:40,506 - INFO - Trusted process: msedge.exe (Microsoft Corporation)
2024-08-21 11:48:40,514 - INFO - Trusted process: svchost.exe (Microsoft Corporation)
2024-08-21 11:48:40,515 - INFO - No company info for process: ACCStd.exe (C:\Program Files (x86)\Acer\Care Center\ACCStd.exe)
2024-08-21 11:48:40,520 - ERROR - Error getting company info for C:\Program Files\WindowsApps\5319275A.WhatsAppDesktop_2.2432.5.0_x64__cv1g1gvanyjgm\WhatsApp.exe: (1813, 'GetFileVersionInfo:GetFileVersionInfoSize', 'The specified resource type cannot be found in the image file.')
2024-08-21 11:48:40,520 - INFO - No company info for process: WhatsApp.exe (C:\Program Files\WindowsApps\5319275A.WhatsAppDesktop_2.2432.5.0_x64__cv1g1gvanyjgm\WhatsApp.exe)
2024-08-21 11:48:40,520 - INFO - Trusted process: Code.exe (Microsoft Corporation)
2024-08-21 11:48:40,526 - INFO - Trusted process: svchost.exe (Microsoft Corporation)
2024-08-21 11:48:40,529 - INFO - Trusted process: WidgetService.exe (Microsoft Corporation)
2024-08-21 11:48:40,534 - INFO - Trusted process: svchost.exe (Microsoft Corporation)
2024-08-21 11:48:40,535 - INFO - Trusted process: MoUsoCoreWorker.exe (Microsoft Corporation)
2024-08-21 11:48:40,541 - INFO - Trusted process: Code.exe (Microsoft Corporation)
2024-08-21 11:48:40,541 - INFO - Trusted process: Code.exe (Microsoft Corporation)
2024-08-21 11:48:40,541 - INFO - Trusted process: Code.exe (Microsoft Corporation)
2024-08-21 11:48:40,546 - INFO - Trusted process: SecurityHealthService.exe (Microsoft Corporation)
2024-08-21 11:48:40,552 - INFO - Trusted process: msedgewebview2.exe (Microsoft Corporation)
2024-08-21 11:48:40,554 - INFO - Trusted process: msedgewebview2.exe (Microsoft Corporation)
2024-08-21 11:48:40,560 - INFO - Trusted process: msedgewebview2.exe (Microsoft Corporation)
2024-08-21 11:48:40,563 - INFO - Trusted process: RuntimeBroker.exe (Microsoft Corporation)
2024-08-21 11:48:40,569 - INFO - Trusted process: msedgewebview2.exe (Microsoft Corporation)
2024-08-21 11:48:40,575 - INFO - Trusted process: powershell.exe (Microsoft Corporation)
2024-08-21 11:48:40,581 - INFO - Trusted process: conhost.exe (Microsoft Corporation)
2024-08-21 11:48:40,583 - INFO - Trusted process: svchost.exe (Microsoft Corporation)
2024-08-21 11:48:40,589 - INFO - Trusted process: svchost.exe (Microsoft Corporation)
2024-08-21 11:48:40,595 - INFO - Trusted process: msedge.exe (Microsoft Corporation)
2024-08-21 11:48:40,598 - INFO - Trusted process: RuntimeBroker.exe (Microsoft Corporation)
2024-08-21 11:48:40,603 - INFO - Trusted process: ai.exe (Microsoft Corporation)
2024-08-21 11:48:40,603 - INFO - Trusted process: msedge.exe (Microsoft Corporation)
2024-08-21 11:54:51,512 - WARNING - No executable path for process: System Idle Process
2024-08-21 11:54:51,512 - WARNING - No executable path for process: System
2024-08-21 11:54:51,513 - WARNING - No executable path for process: 
2024-08-21 11:54:51,513 - WARNING - File does not exist: Registry
2024-08-21 11:54:51,513 - INFO - No company info for process: Registry (Registry)
2024-08-21 11:54:51,517 - INFO - Trusted process: smss.exe (Microsoft Corporation)
2024-08-21 11:54:51,517 - INFO - Trusted process: svchost.exe (Microsoft Corporation)
2024-08-21 11:54:51,523 - INFO - Trusted process: csrss.exe (Microsoft Corporation)
2024-08-21 11:54:51,530 - INFO - No company info for process: MicUsage.exe (C:\Program Files\Acer\User Experience Improvement Program Service\Framework\MicUsage.exe)
2024-08-21 11:54:51,537 - INFO - Trusted process: wininit.exe (Microsoft Corporation)
2024-08-21 11:54:51,543 - INFO - Trusted process: csrss.exe (Microsoft Corporation)
2024-08-21 11:54:51,544 - INFO - Trusted process: services.exe (Microsoft Corporation)
2024-08-21 11:54:51,550 - INFO - Trusted process: LsaIso.exe (Microsoft Corporation)
2024-08-21 11:54:51,551 - INFO - Trusted process: lsass.exe (Microsoft Corporation)
2024-08-21 11:54:51,559 - INFO - Trusted process: svchost.exe (Microsoft Corporation)
2024-08-21 11:54:51,559 - INFO - Trusted process: svchost.exe (Microsoft Corporation)
2024-08-21 11:54:51,566 - INFO - Trusted process: svchost.exe (Microsoft Corporation)
2024-08-21 11:54:51,566 - INFO - Trusted process: fontdrvhost.exe (Microsoft Corporation)
2024-08-21 11:54:51,571 - INFO - Trusted process: svchost.exe (Microsoft Corporation)
2024-08-21 11:54:51,576 - INFO - Trusted process: msedge.exe (Microsoft Corporation)
2024-08-21 11:54:51,578 - INFO - Trusted process: winlogon.exe (Microsoft Corporation)
2024-08-21 11:54:51,578 - INFO - Trusted process: svchost.exe (Microsoft Corporation)
2024-08-21 11:54:51,585 - INFO - Trusted process: WUDFHost.exe (Microsoft Corporation)
2024-08-21 11:54:51,585 - INFO - Trusted process: fontdrvhost.exe (Microsoft Corporation)
2024-08-21 11:54:51,593 - INFO - Trusted process: svchost.exe (Microsoft Corporation)
2024-08-21 11:54:51,599 - INFO - Trusted process: WUDFHost.exe (Microsoft Corporation)
2024-08-21 11:54:51,599 - INFO - Trusted process: svchost.exe (Microsoft Corporation)
2024-08-21 11:54:51,606 - INFO - Trusted process: svchost.exe (Microsoft Corporation)
2024-08-21 11:54:51,608 - INFO - Trusted process: svchost.exe (Microsoft Corporation)
2024-08-21 11:54:51,608 - INFO - Trusted process: svchost.exe (Microsoft Corporation)
2024-08-21 11:54:51,614 - INFO - Trusted process: svchost.exe (Microsoft Corporation)
2024-08-21 11:54:51,619 - INFO - Trusted process: svchost.exe (Microsoft Corporation)
2024-08-21 11:54:51,621 - INFO - Trusted process: svchost.exe (Microsoft Corporation)
2024-08-21 11:54:51,627 - INFO - Trusted process: svchost.exe (Microsoft Corporation)
2024-08-21 11:54:51,627 - INFO - Trusted process: svchost.exe (Microsoft Corporation)
2024-08-21 11:54:51,635 - INFO - Trusted process: svchost.exe (Microsoft Corporation)
2024-08-21 11:54:51,638 - INFO - Trusted process: splwow64.exe (Microsoft Corporation)
2024-08-21 11:54:51,645 - INFO - Trusted process: svchost.exe (Microsoft Corporation)
2024-08-21 11:54:51,651 - INFO - Trusted process: svchost.exe (Microsoft Corporation)
2024-08-21 11:54:51,654 - INFO - Trusted process: svchost.exe (Microsoft Corporation)
2024-08-21 11:54:51,657 - INFO - Suspicious process: igfxCUIService.exe (Intel Corporation)
2024-08-21 11:54:51,657 - INFO - Suspicious process: UBTService.exe (Acer Incorporated)
2024-08-21 11:54:51,664 - INFO - Trusted process: svchost.exe (Microsoft Corporation)
2024-08-21 11:54:51,665 - INFO - Trusted process: svchost.exe (Microsoft Corporation)
2024-08-21 11:54:51,665 - INFO - Suspicious process: python.exe (Python Software Foundation)
2024-08-21 11:54:51,670 - INFO - Trusted process: dwm.exe (Microsoft Corporation)
2024-08-21 11:54:51,676 - INFO - Trusted process: svchost.exe (Microsoft Corporation)
2024-08-21 11:54:51,682 - INFO - Trusted process: svchost.exe (Microsoft Corporation)
2024-08-21 11:54:51,686 - INFO - Trusted process: dasHost.exe (Microsoft Corporation)
2024-08-21 11:54:51,686 - INFO - Suspicious process: nvcontainer.exe (NVIDIA Corporation)
2024-08-21 11:54:51,691 - INFO - Trusted process: svchost.exe (Microsoft Corporation)
2024-08-21 11:54:51,691 - INFO - Trusted process: svchost.exe (Microsoft Corporation)
2024-08-21 11:54:51,698 - INFO - Trusted process: svchost.exe (Microsoft Corporation)
2024-08-21 11:54:51,698 - INFO - Trusted process: svchost.exe (Microsoft Corporation)
2024-08-21 11:54:51,705 - INFO - Trusted process: svchost.exe (Microsoft Corporation)
2024-08-21 11:54:51,705 - INFO - Suspicious process: NVDisplay.Container.exe (NVIDIA Corporation)
2024-08-21 11:54:51,711 - INFO - Trusted process: audiodg.exe (Microsoft Corporation)
2024-08-21 11:54:51,717 - INFO - Trusted process: svchost.exe (Microsoft Corporation)
2024-08-21 11:54:51,725 - INFO - Trusted process: svchost.exe (Microsoft Corporation)
2024-08-21 11:54:51,725 - INFO - Trusted process: svchost.exe (Microsoft Corporation)
2024-08-21 11:54:51,733 - INFO - Trusted process: svchost.exe (Microsoft Corporation)
2024-08-21 11:54:51,738 - INFO - Trusted process: svchost.exe (Microsoft Corporation)
2024-08-21 11:54:51,740 - INFO - Trusted process: powershell.exe (Microsoft Corporation)
2024-08-21 11:54:51,746 - INFO - Trusted process: svchost.exe (Microsoft Corporation)
2024-08-21 11:54:51,746 - INFO - Trusted process: svchost.exe (Microsoft Corporation)
2024-08-21 11:54:51,751 - INFO - Suspicious process: NVDisplay.Container.exe (NVIDIA Corporation)
2024-08-21 11:54:51,754 - INFO - Trusted process: svchost.exe (Microsoft Corporation)
2024-08-21 11:54:51,758 - INFO - Trusted process: WmiPrvSE.exe (Microsoft Corporation)
2024-08-21 11:54:51,759 - INFO - Trusted process: WmiPrvSE.exe (Microsoft Corporation)
2024-08-21 11:54:51,759 - INFO - Trusted process: svchost.exe (Microsoft Corporation)
2024-08-21 11:54:51,765 - INFO - Trusted process: svchost.exe (Microsoft Corporation)
2024-08-21 11:54:51,770 - INFO - Trusted process: svchost.exe (Microsoft Corporation)
2024-08-21 11:54:51,773 - INFO - Trusted process: Code.exe (Microsoft Corporation)
2024-08-21 11:54:51,773 - INFO - Trusted process: RuntimeBroker.exe (Microsoft Corporation)
2024-08-21 11:54:51,779 - INFO - Trusted process: svchost.exe (Microsoft Corporation)
2024-08-21 11:54:51,780 - INFO - Trusted process: msedge.exe (Microsoft Corporation)
2024-08-21 11:54:51,780 - INFO - Trusted process: backgroundTaskHost.exe (Microsoft Corporation)
2024-08-21 11:54:51,780 - INFO - Trusted process: sihost.exe (Microsoft Corporation)
2024-08-21 11:54:51,787 - INFO - Trusted process: svchost.exe (Microsoft Corporation)
2024-08-21 11:54:51,787 - INFO - Trusted process: svchost.exe (Microsoft Corporation)
2024-08-21 11:54:51,794 - INFO - Trusted process: dllhost.exe (Microsoft Corporation)
2024-08-21 11:54:51,794 - INFO - Trusted process: PresentationFontCache.exe (Microsoft Corporation)
2024-08-21 11:54:51,801 - INFO - Trusted process: svchost.exe (Microsoft Corporation)
2024-08-21 11:54:51,801 - INFO - Trusted process: conhost.exe (Microsoft Corporation)
2024-08-21 11:54:51,808 - INFO - Trusted process: svchost.exe (Microsoft Corporation)
2024-08-21 11:54:51,808 - INFO - Trusted process: svchost.exe (Microsoft Corporation)
2024-08-21 11:54:51,816 - INFO - Trusted process: svchost.exe (Microsoft Corporation)
2024-08-21 11:54:51,816 - INFO - Trusted process: taskhostw.exe (Microsoft Corporation)
2024-08-21 11:54:51,821 - INFO - Trusted process: svchost.exe (Microsoft Corporation)
2024-08-21 11:54:51,821 - INFO - Trusted process: svchost.exe (Microsoft Corporation)
2024-08-21 11:54:51,829 - INFO - Trusted process: svchost.exe (Microsoft Corporation)
2024-08-21 11:54:51,829 - INFO - Trusted process: msedge.exe (Microsoft Corporation)
2024-08-21 11:54:51,829 - INFO - Trusted process: svchost.exe (Microsoft Corporation)
2024-08-21 11:54:51,836 - INFO - Trusted process: spoolsv.exe (Microsoft Corporation)
2024-08-21 11:54:51,836 - INFO - Trusted process: gamingservices.exe (Microsoft Corporation)
2024-08-21 11:54:51,842 - INFO - Trusted process: gamingservicesnet.exe (Microsoft Corporation)
2024-08-21 11:54:51,843 - INFO - Suspicious process: igfxEM.exe (Intel Corporation)
2024-08-21 11:54:51,843 - INFO - Trusted process: msedgewebview2.exe (Microsoft Corporation)
2024-08-21 11:54:51,850 - INFO - Trusted process: svchost.exe (Microsoft Corporation)
2024-08-21 11:54:51,850 - INFO - Suspicious process: vmnat.exe (VMware, Inc.)
2024-08-21 11:54:51,850 - INFO - Suspicious process: vmware-usbarbitrator64.exe (VMware, Inc.)
2024-08-21 11:54:51,850 - INFO - Trusted process: MsMpEng.exe (Microsoft Corporation)
2024-08-21 11:54:51,857 - INFO - Trusted process: Code.exe (Microsoft Corporation)
2024-08-21 11:54:51,857 - INFO - Trusted process: svchost.exe (Microsoft Corporation)
2024-08-21 11:54:51,864 - INFO - Trusted process: svchost.exe (Microsoft Corporation)
2024-08-21 11:54:51,864 - INFO - Suspicious process: ACCSvc.exe (Acer Incorporated)
2024-08-21 11:54:51,866 - INFO - Suspicious process: armsvc.exe (Adobe Systems Incorporated)
2024-08-21 11:54:51,869 - INFO - Trusted process: AppleMobileDeviceService.exe (Apple Inc.)
2024-08-21 11:54:51,869 - INFO - Trusted process: mDNSResponder.exe (Apple Inc.)
2024-08-21 11:54:51,872 - INFO - Suspicious process: IntelCpHDCPSvc.exe (Intel Corporation)
2024-08-21 11:54:51,872 - INFO - Suspicious process: httpd.exe (Apache Software Foundation)
2024-08-21 11:54:51,877 - INFO - Suspicious process: xTendUtility.exe (Rivet Networks LLC)
2024-08-21 11:54:51,877 - INFO - Suspicious process: Bridge_Service.exe (GOTrustID Inc.)
2024-08-21 11:54:51,881 - INFO - Trusted process: svchost.exe (Microsoft Corporation)
2024-08-21 11:54:51,884 - INFO - Suspicious process: OneApp.IGCC.WinService.exe (Intel Corporation)
2024-08-21 11:54:51,884 - INFO - Suspicious process: DtsApo4Service.exe (DTS Inc.)
2024-08-21 11:54:51,884 - INFO - Suspicious process: nssm.exe (ExpressVPN)
2024-08-21 11:54:51,884 - INFO - Suspicious process: GTFidoService.exe (GOTrustID Inc.)
2024-08-21 11:54:51,884 - INFO - Trusted process: svchost.exe (Microsoft Corporation)
2024-08-21 11:54:51,884 - INFO - Suspicious process: KillerAnalyticsService.exe (Rivet Networks)
2024-08-21 11:54:51,884 - INFO - Suspicious process: jhi_service.exe (Intel Corporation)
2024-08-21 11:54:51,897 - INFO - Trusted process: svchost.exe (Microsoft Corporation)
2024-08-21 11:54:51,897 - INFO - Suspicious process: WsidService.exe (wondershare)
2024-08-21 11:54:51,897 - INFO - Suspicious process: LMS.exe (Intel Corporation)
2024-08-21 11:54:51,897 - INFO - Trusted process: OfficeClickToRun.exe (Microsoft Corporation)
2024-08-21 11:54:51,897 - INFO - Trusted process: MpDefenderCoreService.exe (Microsoft Corporation)
2024-08-21 11:54:51,897 - INFO - Trusted process: svchost.exe (Microsoft Corporation)
2024-08-21 11:54:51,897 - INFO - Suspicious process: NortonSecurity.exe (NortonLifelock Inc.)
2024-08-21 11:54:51,912 - INFO - Suspicious process: nvcontainer.exe (NVIDIA Corporation)
2024-08-21 11:54:51,912 - INFO - Suspicious process: mysqld.exe (Oracle Corporation)
2024-08-21 11:54:51,912 - INFO - Suspicious process: mysqld.exe (Oracle Corporation)
2024-08-21 11:54:51,912 - INFO - Suspicious process: nsWscSvc.exe (NortonLifeLock Inc.)
2024-08-21 11:54:51,912 - INFO - Suspicious process: esif_uf.exe (Intel Corporation)
2024-08-21 11:54:51,912 - INFO - Trusted process: svchost.exe (Microsoft Corporation)
2024-08-21 11:54:51,912 - INFO - Suspicious process: RstMwService.exe (Intel Corporation)
2024-08-21 11:54:51,928 - INFO - Suspicious process: RtkAudUService64.exe (Realtek Semiconductor)
2024-08-21 11:54:51,928 - INFO - Suspicious process: vmware-authd.exe (VMware, Inc.)
2024-08-21 11:54:51,928 - INFO - Suspicious process: SafeExamBrowser.Service.exe (ETH Zürich)
2024-08-21 11:54:51,928 - INFO - Suspicious process: vmnetdhcp.exe (VMware, Inc.)
2024-08-21 11:54:51,928 - INFO - Trusted process: svchost.exe (Microsoft Corporation)
2024-08-21 11:54:51,928 - INFO - Trusted process: wslservice.exe (Microsoft Corporation)
2024-08-21 11:54:51,943 - INFO - Trusted process: svchost.exe (Microsoft Corporation)
2024-08-21 11:54:51,943 - INFO - Trusted process: msedge.exe (Microsoft Corporation)
2024-08-21 11:54:51,943 - INFO - Suspicious process: XtuService.exe (Intel(R) Corporation)
2024-08-21 11:54:51,943 - INFO - Trusted process: Code.exe (Microsoft Corporation)
2024-08-21 11:54:51,943 - INFO - Suspicious process: KillerNetworkService.exe (Rivet Networks)
2024-08-21 11:54:51,943 - INFO - Suspicious process: CptService.exe (Zoom Video Communications, Inc.)
2024-08-21 11:54:51,943 - INFO - Suspicious process: KAPSService.exe (Rivet Networks, LLC.)
2024-08-21 11:54:51,943 - INFO - Trusted process: svchost.exe (Microsoft Corporation)
2024-08-21 11:54:51,959 - INFO - Suspicious process: expressvpnd.exe (ExpressVPN)
2024-08-21 11:54:51,959 - INFO - Trusted process: conhost.exe (Microsoft Corporation)
2024-08-21 11:54:51,959 - INFO - Suspicious process: IntelCpHeciSvc.exe (Intel Corporation)
2024-08-21 11:54:51,959 - INFO - Trusted process: conhost.exe (Microsoft Corporation)
2024-08-21 11:54:51,959 - INFO - Suspicious process: PSAdminAgent.exe (Acer Incorporated)
2024-08-21 11:54:51,959 - INFO - Suspicious process: NortonSecurity.exe (NortonLifelock Inc.)
2024-08-21 11:54:51,959 - INFO - Suspicious process: QAAgent.exe (Acer Incorporated)
2024-08-21 11:54:51,975 - INFO - Trusted process: svchost.exe (Microsoft Corporation)
2024-08-21 11:54:51,975 - INFO - Trusted process: sppsvc.exe (Microsoft Corporation)
2024-08-21 11:54:51,975 - INFO - Suspicious process: xTendUtilityService.exe (Rivet Networks, LLC.)
2024-08-21 11:54:51,975 - INFO - Trusted process: svchost.exe (Microsoft Corporation)
2024-08-21 11:54:51,975 - INFO - Trusted process: NisSrv.exe (Microsoft Corporation)
2024-08-21 11:54:51,975 - INFO - Trusted process: conhost.exe (Microsoft Corporation)
2024-08-21 11:54:51,990 - INFO - Suspicious process: KAPS.exe (Rivet Networks LLC)
2024-08-21 11:54:51,990 - INFO - Trusted process: conhost.exe (Microsoft Corporation)
2024-08-21 11:54:51,990 - INFO - Trusted process: unsecapp.exe (Microsoft Corporation)
2024-08-21 11:54:51,990 - INFO - Trusted process: conhost.exe (Microsoft Corporation)
2024-08-21 11:54:51,990 - INFO - Trusted process: Code.exe (Microsoft Corporation)
2024-08-21 11:54:51,990 - INFO - Trusted process: svchost.exe (Microsoft Corporation)
2024-08-21 11:54:52,006 - INFO - Trusted process: conhost.exe (Microsoft Corporation)
2024-08-21 11:54:52,006 - INFO - Trusted process: rundll32.exe (Microsoft Corporation)
2024-08-21 11:54:52,006 - INFO - Suspicious process: AppMonitorPlugIn.exe (Acer Incorporated)
2024-08-21 11:54:52,006 - INFO - Suspicious process: httpd.exe (Apache Software Foundation)
2024-08-21 11:54:52,006 - INFO - Suspicious process: NVIDIA Web Helper.exe (Node.js)
2024-08-21 11:54:52,006 - INFO - No company info for process: CamUsage.exe (C:\Program Files\Acer\User Experience Improvement Program Service\Framework\CamUsage.exe)
2024-08-21 11:54:52,022 - INFO - Suspicious process: NVIDIA Share.exe (NVIDIA Corporation)
2024-08-21 11:54:52,022 - INFO - Trusted process: svchost.exe (Microsoft Corporation)
2024-08-21 11:54:52,022 - INFO - Trusted process: explorer.exe (Microsoft Corporation)
2024-08-21 11:54:52,022 - INFO - Suspicious process: PSSvc.exe (Acer Incorporated)
2024-08-21 11:54:52,022 - INFO - Trusted process: svchost.exe (Microsoft Corporation)
2024-08-21 11:54:52,037 - INFO - Trusted process: backgroundTaskHost.exe (Microsoft Corporation)
2024-08-21 11:54:52,037 - INFO - Trusted process: RuntimeBroker.exe (Microsoft Corporation)
2024-08-21 11:54:52,037 - INFO - Trusted process: RuntimeBroker.exe (Microsoft Corporation)
2024-08-21 11:54:52,037 - INFO - Suspicious process: PSAgent.exe (Acer Incorporated)
2024-08-21 11:54:52,037 - INFO - Trusted process: powershell.exe (Microsoft Corporation)
2024-08-21 11:54:52,037 - INFO - Suspicious process: RtkAudUService64.exe (Realtek Semiconductor)
2024-08-21 11:54:52,053 - INFO - Trusted process: svchost.exe (Microsoft Corporation)
2024-08-21 11:54:52,053 - INFO - Trusted process: svchost.exe (Microsoft Corporation)
2024-08-21 11:54:52,053 - INFO - Trusted process: SearchHost.exe (Microsoft Corporation)
2024-08-21 11:54:52,053 - INFO - Trusted process: StartMenuExperienceHost.exe (Microsoft Corporation)
2024-08-21 11:54:52,068 - INFO - Trusted process: Widgets.exe (Microsoft Corporation)
2024-08-21 11:54:52,068 - INFO - Trusted process: ctfmon.exe (Microsoft Corporation)
2024-08-21 11:54:52,068 - INFO - Suspicious process: nvcontainer.exe (NVIDIA Corporation)
2024-08-21 11:54:52,068 - INFO - Trusted process: RuntimeBroker.exe (Microsoft Corporation)
2024-08-21 11:54:52,068 - INFO - Trusted process: svchost.exe (Microsoft Corporation)
2024-08-21 11:54:52,084 - INFO - Trusted process: dllhost.exe (Microsoft Corporation)
2024-08-21 11:54:52,084 - INFO - Trusted process: TextInputHost.exe (Microsoft Corporation)
2024-08-21 11:54:52,084 - INFO - Trusted process: unsecapp.exe (Microsoft Corporation)
2024-08-21 11:54:52,084 - INFO - Trusted process: msedge.exe (Microsoft Corporation)
2024-08-21 11:54:52,084 - INFO - Trusted process: LocationNotificationWindows.exe (Microsoft Corporation)
2024-08-21 11:54:52,084 - INFO - Trusted process: PhoneExperienceHost.exe (Microsoft Corporation)
2024-08-21 11:54:52,100 - INFO - Suspicious process: IGCCTray.exe (Intel Corporation)
2024-08-21 11:54:52,100 - INFO - Trusted process: OneDrive.exe (Microsoft Corporation)
2024-08-21 11:54:52,100 - INFO - Suspicious process: NVIDIA Share.exe (NVIDIA Corporation)
2024-08-21 11:54:52,100 - INFO - Suspicious process: nvsphelper64.exe (NVIDIA Corporation)
2024-08-21 11:54:52,100 - INFO - Trusted process: svchost.exe (Microsoft Corporation)
2024-08-21 11:54:52,100 - INFO - Suspicious process: NVIDIA Share.exe (NVIDIA Corporation)
2024-08-21 11:54:52,100 - INFO - Suspicious process: QASvc.exe (Acer Incorporated)
2024-08-21 11:54:52,115 - INFO - Suspicious process: KillerControlCenter.exe (Rivet Networks)
2024-08-21 11:54:52,115 - ERROR - Error getting company info for C:\Users\Sujith Lesley\.vscode\extensions\ms-python.python-2024.12.3-win32-x64\python-env-tools\bin\pet.exe: (1813, 'GetFileVersionInfo:GetFileVersionInfoSize', 'The specified resource type cannot be found in the image file.')
2024-08-21 11:54:52,115 - INFO - No company info for process: pet.exe (C:\Users\Sujith Lesley\.vscode\extensions\ms-python.python-2024.12.3-win32-x64\python-env-tools\bin\pet.exe)
2024-08-21 11:54:52,115 - INFO - Trusted process: smartscreen.exe (Microsoft Corporation)
2024-08-21 11:54:52,115 - INFO - Trusted process: svchost.exe (Microsoft Corporation)
2024-08-21 11:54:52,131 - INFO - Trusted process: svchost.exe (Microsoft Corporation)
2024-08-21 11:54:52,131 - INFO - Trusted process: POWERPNT.EXE (Microsoft Corporation)
2024-08-21 11:54:52,131 - INFO - Trusted process: conhost.exe (Microsoft Corporation)
2024-08-21 11:54:52,131 - INFO - Suspicious process: IGCC.exe (Intel Corporation)
2024-08-21 11:54:52,131 - INFO - Trusted process: RuntimeBroker.exe (Microsoft Corporation)
2024-08-21 11:54:52,147 - INFO - Trusted process: svchost.exe (Microsoft Corporation)
2024-08-21 11:54:52,147 - INFO - Trusted process: svchost.exe (Microsoft Corporation)
2024-08-21 11:54:52,147 - INFO - Trusted process: Code.exe (Microsoft Corporation)
2024-08-21 11:54:52,147 - INFO - Suspicious process: QAAdminAgent.exe (Acer Incorporated)
2024-08-21 11:54:52,147 - INFO - Trusted process: svchost.exe (Microsoft Corporation)
2024-08-21 11:54:52,147 - INFO - Trusted process: ShellExperienceHost.exe (Microsoft Corporation)
2024-08-21 11:54:52,162 - INFO - Trusted process: Code.exe (Microsoft Corporation)
2024-08-21 11:54:52,162 - INFO - Trusted process: RuntimeBroker.exe (Microsoft Corporation)
2024-08-21 11:54:52,162 - INFO - Suspicious process: igfxext.exe (Intel Corporation)
2024-08-21 11:54:52,162 - INFO - Trusted process: SystemSettingsBroker.exe (Microsoft Corporation)
2024-08-21 11:54:52,162 - INFO - Trusted process: dllhost.exe (Microsoft Corporation)
2024-08-21 11:54:52,162 - INFO - Suspicious process: NetworkconnectionV2.exe (Acer Incorporated)
2024-08-21 11:54:52,162 - INFO - Trusted process: msedge.exe (Microsoft Corporation)
2024-08-21 11:54:52,178 - INFO - Trusted process: svchost.exe (Microsoft Corporation)
2024-08-21 11:54:52,178 - INFO - Suspicious process: PredatorSense.exe (Acer Incorporated)
2024-08-21 11:54:52,178 - INFO - Trusted process: ApplicationFrameHost.exe (Microsoft Corporation)
2024-08-21 11:54:52,178 - INFO - Trusted process: msedge.exe (Microsoft Corporation)
2024-08-21 11:54:52,178 - INFO - Trusted process: msedge.exe (Microsoft Corporation)
2024-08-21 11:54:52,178 - INFO - Trusted process: SpatialAudioLicenseSrv.exe (Microsoft Corporation)
2024-08-21 11:54:52,193 - INFO - Trusted process: conhost.exe (Microsoft Corporation)
2024-08-21 11:54:52,193 - INFO - Suspicious process: ExpressVPNNotificationService.exe (ExpressVPN)
2024-08-21 11:54:52,193 - INFO - Trusted process: Code.exe (Microsoft Corporation)
2024-08-21 11:54:52,193 - INFO - Trusted process: msedge.exe (Microsoft Corporation)
2024-08-21 11:54:52,193 - INFO - Trusted process: conhost.exe (Microsoft Corporation)
2024-08-21 11:54:52,209 - INFO - Trusted process: svchost.exe (Microsoft Corporation)
2024-08-21 11:54:52,209 - INFO - Trusted process: msedgewebview2.exe (Microsoft Corporation)
2024-08-21 11:54:52,209 - INFO - Suspicious process: ePowerButton_NB.exe (Acer Incorporated)
2024-08-21 11:54:52,209 - INFO - Suspicious process: StorPSCTL.exe (Microsoft)
2024-08-21 11:54:52,209 - INFO - Trusted process: FileCoAuth.exe (Microsoft Corporation)
2024-08-21 11:54:52,209 - INFO - Trusted process: msedgewebview2.exe (Microsoft Corporation)
2024-08-21 11:54:52,209 - INFO - Suspicious process: vgtray.exe (Riot Games, Inc.)
2024-08-21 11:54:52,225 - INFO - Trusted process: msedge.exe (Microsoft Corporation)
2024-08-21 11:54:52,225 - INFO - Trusted process: svchost.exe (Microsoft Corporation)
2024-08-21 11:54:52,225 - INFO - No company info for process: ACCStd.exe (C:\Program Files (x86)\Acer\Care Center\ACCStd.exe)
2024-08-21 11:54:52,225 - ERROR - Error getting company info for C:\Program Files\WindowsApps\5319275A.WhatsAppDesktop_2.2432.5.0_x64__cv1g1gvanyjgm\WhatsApp.exe: (1813, 'GetFileVersionInfo:GetFileVersionInfoSize', 'The specified resource type cannot be found in the image file.')
2024-08-21 11:54:52,225 - INFO - No company info for process: WhatsApp.exe (C:\Program Files\WindowsApps\5319275A.WhatsAppDesktop_2.2432.5.0_x64__cv1g1gvanyjgm\WhatsApp.exe)
2024-08-21 11:54:52,225 - INFO - Trusted process: Code.exe (Microsoft Corporation)
2024-08-21 11:54:52,225 - INFO - Trusted process: svchost.exe (Microsoft Corporation)
2024-08-21 11:54:52,240 - INFO - Trusted process: WidgetService.exe (Microsoft Corporation)
2024-08-21 11:54:52,240 - INFO - Trusted process: svchost.exe (Microsoft Corporation)
2024-08-21 11:54:52,240 - INFO - Trusted process: MoUsoCoreWorker.exe (Microsoft Corporation)
2024-08-21 11:54:52,240 - INFO - Trusted process: Code.exe (Microsoft Corporation)
2024-08-21 11:54:52,240 - INFO - Trusted process: Code.exe (Microsoft Corporation)
2024-08-21 11:54:52,256 - INFO - Trusted process: Code.exe (Microsoft Corporation)
2024-08-21 11:54:52,259 - INFO - Trusted process: SecurityHealthService.exe (Microsoft Corporation)
2024-08-21 11:54:52,259 - INFO - Trusted process: msedgewebview2.exe (Microsoft Corporation)
2024-08-21 11:54:52,265 - INFO - Trusted process: msedgewebview2.exe (Microsoft Corporation)
2024-08-21 11:54:52,268 - INFO - Trusted process: msedgewebview2.exe (Microsoft Corporation)
2024-08-21 11:54:52,272 - INFO - Trusted process: RuntimeBroker.exe (Microsoft Corporation)
2024-08-21 11:54:52,272 - INFO - Trusted process: msedgewebview2.exe (Microsoft Corporation)
2024-08-21 11:54:52,280 - INFO - Trusted process: powershell.exe (Microsoft Corporation)
2024-08-21 11:54:52,280 - INFO - Trusted process: conhost.exe (Microsoft Corporation)
2024-08-21 11:54:52,288 - INFO - Trusted process: svchost.exe (Microsoft Corporation)
2024-08-21 11:54:52,294 - INFO - Trusted process: wlanext.exe (Microsoft Corporation)
2024-08-21 11:54:52,301 - INFO - Trusted process: msedge.exe (Microsoft Corporation)
2024-08-21 11:54:52,301 - INFO - Trusted process: backgroundTaskHost.exe (Microsoft Corporation)
2024-08-21 11:54:52,308 - INFO - Trusted process: RuntimeBroker.exe (Microsoft Corporation)
2024-08-21 11:54:52,308 - INFO - Trusted process: ai.exe (Microsoft Corporation)
2024-08-21 11:54:52,308 - INFO - Trusted process: msedge.exe (Microsoft Corporation)
2024-08-21 11:55:12,214 - WARNING - No executable path for process: System Idle Process
2024-08-21 11:55:12,225 - WARNING - No executable path for process: System
2024-08-21 11:55:12,232 - WARNING - No executable path for process: 
2024-08-21 11:55:12,234 - WARNING - File does not exist: Registry
2024-08-21 11:55:12,234 - INFO - No company info for process: Registry (Registry)
2024-08-21 11:55:12,248 - INFO - Trusted process: smss.exe (Microsoft Corporation)
2024-08-21 11:55:12,257 - INFO - Trusted process: svchost.exe (Microsoft Corporation)
2024-08-21 11:55:12,274 - INFO - Trusted process: csrss.exe (Microsoft Corporation)
2024-08-21 11:55:12,281 - INFO - No company info for process: MicUsage.exe (C:\Program Files\Acer\User Experience Improvement Program Service\Framework\MicUsage.exe)
2024-08-21 11:55:12,290 - INFO - Trusted process: wininit.exe (Microsoft Corporation)
2024-08-21 11:55:12,298 - INFO - Trusted process: csrss.exe (Microsoft Corporation)
2024-08-21 11:55:12,310 - INFO - Trusted process: services.exe (Microsoft Corporation)
2024-08-21 11:55:12,317 - INFO - Trusted process: LsaIso.exe (Microsoft Corporation)
2024-08-21 11:55:12,317 - INFO - Trusted process: lsass.exe (Microsoft Corporation)
2024-08-21 11:55:12,330 - INFO - Trusted process: svchost.exe (Microsoft Corporation)
2024-08-21 11:55:12,330 - INFO - Trusted process: svchost.exe (Microsoft Corporation)
2024-08-21 11:55:12,346 - INFO - Trusted process: svchost.exe (Microsoft Corporation)
2024-08-21 11:55:12,346 - INFO - Trusted process: fontdrvhost.exe (Microsoft Corporation)
2024-08-21 11:55:12,346 - INFO - Trusted process: svchost.exe (Microsoft Corporation)
2024-08-21 11:55:12,362 - INFO - Trusted process: winlogon.exe (Microsoft Corporation)
2024-08-21 11:55:12,362 - INFO - Trusted process: svchost.exe (Microsoft Corporation)
2024-08-21 11:55:12,377 - INFO - Trusted process: WUDFHost.exe (Microsoft Corporation)
2024-08-21 11:55:12,393 - INFO - Trusted process: fontdrvhost.exe (Microsoft Corporation)
2024-08-21 11:55:12,393 - INFO - Trusted process: svchost.exe (Microsoft Corporation)
2024-08-21 11:55:12,408 - INFO - Trusted process: WUDFHost.exe (Microsoft Corporation)
2024-08-21 11:55:12,424 - INFO - Trusted process: svchost.exe (Microsoft Corporation)
2024-08-21 11:55:12,424 - INFO - Trusted process: svchost.exe (Microsoft Corporation)
2024-08-21 11:55:12,440 - INFO - Trusted process: svchost.exe (Microsoft Corporation)
2024-08-21 11:55:12,455 - INFO - Trusted process: svchost.exe (Microsoft Corporation)
2024-08-21 11:55:12,471 - INFO - Trusted process: svchost.exe (Microsoft Corporation)
2024-08-21 11:55:12,471 - INFO - Trusted process: svchost.exe (Microsoft Corporation)
2024-08-21 11:55:12,487 - INFO - Trusted process: svchost.exe (Microsoft Corporation)
2024-08-21 11:55:12,504 - INFO - Trusted process: svchost.exe (Microsoft Corporation)
2024-08-21 11:55:12,504 - INFO - Trusted process: svchost.exe (Microsoft Corporation)
2024-08-21 11:55:12,519 - INFO - Trusted process: svchost.exe (Microsoft Corporation)
2024-08-21 11:55:12,519 - INFO - Trusted process: splwow64.exe (Microsoft Corporation)
2024-08-21 11:55:12,535 - INFO - Trusted process: svchost.exe (Microsoft Corporation)
2024-08-21 11:55:12,535 - INFO - Trusted process: svchost.exe (Microsoft Corporation)
2024-08-21 11:55:12,551 - INFO - Trusted process: svchost.exe (Microsoft Corporation)
2024-08-21 11:55:12,551 - INFO - Suspicious process: igfxCUIService.exe (Intel Corporation)
2024-08-21 11:55:12,566 - INFO - Suspicious process: UBTService.exe (Acer Incorporated)
2024-08-21 11:55:12,566 - INFO - Trusted process: svchost.exe (Microsoft Corporation)
2024-08-21 11:55:12,582 - INFO - Trusted process: svchost.exe (Microsoft Corporation)
2024-08-21 11:55:12,598 - INFO - Trusted process: dwm.exe (Microsoft Corporation)
2024-08-21 11:55:12,609 - INFO - Trusted process: svchost.exe (Microsoft Corporation)
2024-08-21 11:55:12,614 - INFO - Trusted process: svchost.exe (Microsoft Corporation)
2024-08-21 11:55:12,622 - INFO - Trusted process: dasHost.exe (Microsoft Corporation)
2024-08-21 11:55:12,622 - INFO - Suspicious process: nvcontainer.exe (NVIDIA Corporation)
2024-08-21 11:55:12,638 - INFO - Trusted process: svchost.exe (Microsoft Corporation)
2024-08-21 11:55:12,638 - INFO - Trusted process: svchost.exe (Microsoft Corporation)
2024-08-21 11:55:12,654 - INFO - Trusted process: svchost.exe (Microsoft Corporation)
2024-08-21 11:55:12,654 - INFO - Trusted process: svchost.exe (Microsoft Corporation)
2024-08-21 11:55:12,669 - INFO - Trusted process: svchost.exe (Microsoft Corporation)
2024-08-21 11:55:12,669 - INFO - Suspicious process: NVDisplay.Container.exe (NVIDIA Corporation)
2024-08-21 11:55:12,685 - INFO - Trusted process: audiodg.exe (Microsoft Corporation)
2024-08-21 11:55:12,685 - INFO - Trusted process: svchost.exe (Microsoft Corporation)
2024-08-21 11:55:12,701 - INFO - Trusted process: svchost.exe (Microsoft Corporation)
2024-08-21 11:55:12,701 - INFO - Trusted process: svchost.exe (Microsoft Corporation)
2024-08-21 11:55:12,716 - INFO - Trusted process: svchost.exe (Microsoft Corporation)
2024-08-21 11:55:12,730 - INFO - Trusted process: svchost.exe (Microsoft Corporation)
2024-08-21 11:55:12,742 - INFO - Trusted process: svchost.exe (Microsoft Corporation)
2024-08-21 11:55:12,754 - INFO - Trusted process: svchost.exe (Microsoft Corporation)
2024-08-21 11:55:12,766 - INFO - Suspicious process: NVDisplay.Container.exe (NVIDIA Corporation)
2024-08-21 11:55:12,768 - INFO - Trusted process: svchost.exe (Microsoft Corporation)
2024-08-21 11:55:12,782 - INFO - Trusted process: WmiPrvSE.exe (Microsoft Corporation)
2024-08-21 11:55:12,782 - INFO - Trusted process: WmiPrvSE.exe (Microsoft Corporation)
2024-08-21 11:55:12,798 - INFO - Trusted process: svchost.exe (Microsoft Corporation)
2024-08-21 11:55:12,812 - INFO - Trusted process: svchost.exe (Microsoft Corporation)
2024-08-21 11:55:12,824 - INFO - Trusted process: svchost.exe (Microsoft Corporation)
2024-08-21 11:55:12,826 - INFO - Trusted process: RuntimeBroker.exe (Microsoft Corporation)
2024-08-21 11:55:12,831 - INFO - Trusted process: conhost.exe (Microsoft Corporation)
2024-08-21 11:55:12,832 - INFO - Trusted process: msedge.exe (Microsoft Corporation)
2024-08-21 11:55:12,840 - INFO - Trusted process: svchost.exe (Microsoft Corporation)
2024-08-21 11:55:12,840 - INFO - Trusted process: backgroundTaskHost.exe (Microsoft Corporation)
2024-08-21 11:55:12,840 - INFO - Trusted process: Code.exe (Microsoft Corporation)
2024-08-21 11:55:12,840 - INFO - Trusted process: sihost.exe (Microsoft Corporation)
2024-08-21 11:55:12,849 - INFO - Trusted process: svchost.exe (Microsoft Corporation)
2024-08-21 11:55:12,849 - INFO - Trusted process: svchost.exe (Microsoft Corporation)
2024-08-21 11:55:12,849 - INFO - Trusted process: dllhost.exe (Microsoft Corporation)
2024-08-21 11:55:12,849 - INFO - Trusted process: PresentationFontCache.exe (Microsoft Corporation)
2024-08-21 11:55:12,870 - INFO - Trusted process: svchost.exe (Microsoft Corporation)
2024-08-21 11:55:12,879 - INFO - Trusted process: svchost.exe (Microsoft Corporation)
2024-08-21 11:55:12,887 - INFO - Trusted process: svchost.exe (Microsoft Corporation)
2024-08-21 11:55:12,887 - INFO - Trusted process: svchost.exe (Microsoft Corporation)
2024-08-21 11:55:12,887 - INFO - Trusted process: taskhostw.exe (Microsoft Corporation)
2024-08-21 11:55:12,896 - INFO - Trusted process: svchost.exe (Microsoft Corporation)
2024-08-21 11:55:12,896 - INFO - Trusted process: svchost.exe (Microsoft Corporation)
2024-08-21 11:55:12,911 - INFO - Trusted process: svchost.exe (Microsoft Corporation)
2024-08-21 11:55:12,911 - INFO - Trusted process: conhost.exe (Microsoft Corporation)
2024-08-21 11:55:12,911 - INFO - Trusted process: msedge.exe (Microsoft Corporation)
2024-08-21 11:55:12,927 - INFO - Trusted process: svchost.exe (Microsoft Corporation)
2024-08-21 11:55:12,927 - INFO - Trusted process: spoolsv.exe (Microsoft Corporation)
2024-08-21 11:55:12,942 - INFO - Trusted process: gamingservices.exe (Microsoft Corporation)
2024-08-21 11:55:12,942 - INFO - Trusted process: gamingservicesnet.exe (Microsoft Corporation)
2024-08-21 11:55:12,942 - INFO - Suspicious process: igfxEM.exe (Intel Corporation)
2024-08-21 11:55:12,958 - INFO - Trusted process: msedgewebview2.exe (Microsoft Corporation)
2024-08-21 11:55:12,958 - INFO - Trusted process: svchost.exe (Microsoft Corporation)
2024-08-21 11:55:12,974 - INFO - Suspicious process: vmnat.exe (VMware, Inc.)
2024-08-21 11:55:12,974 - INFO - Trusted process: msedge.exe (Microsoft Corporation)
2024-08-21 11:55:12,974 - INFO - Suspicious process: vmware-usbarbitrator64.exe (VMware, Inc.)
2024-08-21 11:55:12,974 - INFO - Trusted process: MsMpEng.exe (Microsoft Corporation)
2024-08-21 11:55:12,989 - INFO - Trusted process: svchost.exe (Microsoft Corporation)
2024-08-21 11:55:13,005 - INFO - Trusted process: svchost.exe (Microsoft Corporation)
2024-08-21 11:55:13,005 - INFO - Trusted process: powershell.exe (Microsoft Corporation)
2024-08-21 11:55:13,005 - INFO - Trusted process: powershell.exe (Microsoft Corporation)
2024-08-21 11:55:13,005 - INFO - Suspicious process: ACCSvc.exe (Acer Incorporated)
2024-08-21 11:55:13,021 - INFO - Suspicious process: armsvc.exe (Adobe Systems Incorporated)
2024-08-21 11:55:13,021 - INFO - Trusted process: AppleMobileDeviceService.exe (Apple Inc.)
2024-08-21 11:55:13,052 - INFO - Trusted process: mDNSResponder.exe (Apple Inc.)
2024-08-21 11:55:13,052 - INFO - Suspicious process: IntelCpHDCPSvc.exe (Intel Corporation)
2024-08-21 11:55:13,068 - INFO - Suspicious process: httpd.exe (Apache Software Foundation)
2024-08-21 11:55:13,083 - INFO - Suspicious process: xTendUtility.exe (Rivet Networks LLC)
2024-08-21 11:55:13,083 - INFO - Suspicious process: Bridge_Service.exe (GOTrustID Inc.)
2024-08-21 11:55:13,099 - INFO - Trusted process: svchost.exe (Microsoft Corporation)
2024-08-21 11:55:13,114 - INFO - Suspicious process: OneApp.IGCC.WinService.exe (Intel Corporation)
2024-08-21 11:55:13,114 - INFO - Suspicious process: DtsApo4Service.exe (DTS Inc.)
2024-08-21 11:55:13,130 - INFO - Suspicious process: nssm.exe (ExpressVPN)
2024-08-21 11:55:13,130 - INFO - Suspicious process: GTFidoService.exe (GOTrustID Inc.)
2024-08-21 11:55:13,146 - INFO - Trusted process: svchost.exe (Microsoft Corporation)
2024-08-21 11:55:13,146 - INFO - Suspicious process: KillerAnalyticsService.exe (Rivet Networks)
2024-08-21 11:55:13,146 - INFO - Suspicious process: jhi_service.exe (Intel Corporation)
2024-08-21 11:55:13,161 - INFO - Trusted process: svchost.exe (Microsoft Corporation)
2024-08-21 11:55:13,177 - INFO - Suspicious process: WsidService.exe (wondershare)
2024-08-21 11:55:13,177 - INFO - Suspicious process: LMS.exe (Intel Corporation)
2024-08-21 11:55:13,193 - INFO - Trusted process: OfficeClickToRun.exe (Microsoft Corporation)
2024-08-21 11:55:13,193 - INFO - Trusted process: MpDefenderCoreService.exe (Microsoft Corporation)
2024-08-21 11:55:13,208 - INFO - Trusted process: svchost.exe (Microsoft Corporation)
2024-08-21 11:55:13,224 - INFO - Suspicious process: NortonSecurity.exe (NortonLifelock Inc.)
2024-08-21 11:55:13,239 - INFO - Suspicious process: nvcontainer.exe (NVIDIA Corporation)
2024-08-21 11:55:13,255 - INFO - Suspicious process: mysqld.exe (Oracle Corporation)
2024-08-21 11:55:13,271 - INFO - Suspicious process: mysqld.exe (Oracle Corporation)
2024-08-21 11:55:13,286 - INFO - Suspicious process: nsWscSvc.exe (NortonLifeLock Inc.)
2024-08-21 11:55:13,302 - INFO - Suspicious process: esif_uf.exe (Intel Corporation)
2024-08-21 11:55:13,302 - INFO - Trusted process: svchost.exe (Microsoft Corporation)
2024-08-21 11:55:13,318 - INFO - Suspicious process: RstMwService.exe (Intel Corporation)
2024-08-21 11:55:13,318 - INFO - Trusted process: Code.exe (Microsoft Corporation)
2024-08-21 11:55:13,333 - INFO - Suspicious process: RtkAudUService64.exe (Realtek Semiconductor)
2024-08-21 11:55:13,333 - INFO - Suspicious process: vmware-authd.exe (VMware, Inc.)
2024-08-21 11:55:13,357 - INFO - Suspicious process: SafeExamBrowser.Service.exe (ETH Zürich)
2024-08-21 11:55:13,358 - INFO - Suspicious process: vmnetdhcp.exe (VMware, Inc.)
2024-08-21 11:55:13,373 - INFO - Trusted process: svchost.exe (Microsoft Corporation)
2024-08-21 11:55:13,388 - INFO - Trusted process: wslservice.exe (Microsoft Corporation)
2024-08-21 11:55:13,388 - INFO - Trusted process: svchost.exe (Microsoft Corporation)
2024-08-21 11:55:13,404 - INFO - Trusted process: msedge.exe (Microsoft Corporation)
2024-08-21 11:55:13,404 - INFO - Suspicious process: XtuService.exe (Intel(R) Corporation)
2024-08-21 11:55:13,420 - INFO - Suspicious process: KillerNetworkService.exe (Rivet Networks)
2024-08-21 11:55:13,420 - INFO - Suspicious process: CptService.exe (Zoom Video Communications, Inc.)
2024-08-21 11:55:13,435 - INFO - Suspicious process: KAPSService.exe (Rivet Networks, LLC.)
2024-08-21 11:55:13,435 - INFO - Trusted process: svchost.exe (Microsoft Corporation)
2024-08-21 11:55:13,451 - INFO - Suspicious process: expressvpnd.exe (ExpressVPN)
2024-08-21 11:55:13,451 - INFO - Trusted process: conhost.exe (Microsoft Corporation)
2024-08-21 11:55:13,467 - INFO - Suspicious process: IntelCpHeciSvc.exe (Intel Corporation)
2024-08-21 11:55:13,467 - INFO - Trusted process: conhost.exe (Microsoft Corporation)
2024-08-21 11:55:13,482 - INFO - Suspicious process: PSAdminAgent.exe (Acer Incorporated)
2024-08-21 11:55:13,498 - INFO - Suspicious process: NortonSecurity.exe (NortonLifelock Inc.)
2024-08-21 11:55:13,500 - INFO - Suspicious process: QAAgent.exe (Acer Incorporated)
2024-08-21 11:55:13,511 - INFO - Trusted process: svchost.exe (Microsoft Corporation)
2024-08-21 11:55:13,511 - INFO - Trusted process: conhost.exe (Microsoft Corporation)
2024-08-21 11:55:13,521 - INFO - Trusted process: sppsvc.exe (Microsoft Corporation)
2024-08-21 11:55:13,531 - INFO - Suspicious process: xTendUtilityService.exe (Rivet Networks, LLC.)
2024-08-21 11:55:13,531 - INFO - Trusted process: powershell.exe (Microsoft Corporation)
2024-08-21 11:55:13,543 - INFO - Trusted process: svchost.exe (Microsoft Corporation)
2024-08-21 11:55:13,543 - INFO - Trusted process: NisSrv.exe (Microsoft Corporation)
2024-08-21 11:55:13,558 - INFO - Trusted process: conhost.exe (Microsoft Corporation)
2024-08-21 11:55:13,558 - INFO - Suspicious process: KAPS.exe (Rivet Networks LLC)
2024-08-21 11:55:13,574 - INFO - Trusted process: conhost.exe (Microsoft Corporation)
2024-08-21 11:55:13,574 - INFO - Trusted process: unsecapp.exe (Microsoft Corporation)
2024-08-21 11:55:13,590 - INFO - Trusted process: svchost.exe (Microsoft Corporation)
2024-08-21 11:55:13,590 - INFO - Trusted process: conhost.exe (Microsoft Corporation)
2024-08-21 11:55:13,605 - INFO - Trusted process: rundll32.exe (Microsoft Corporation)
2024-08-21 11:55:13,605 - INFO - Suspicious process: AppMonitorPlugIn.exe (Acer Incorporated)
2024-08-21 11:55:13,605 - INFO - Suspicious process: httpd.exe (Apache Software Foundation)
2024-08-21 11:55:13,605 - INFO - Suspicious process: NVIDIA Web Helper.exe (Node.js)
2024-08-21 11:55:13,621 - INFO - No company info for process: CamUsage.exe (C:\Program Files\Acer\User Experience Improvement Program Service\Framework\CamUsage.exe)
2024-08-21 11:55:13,621 - INFO - Suspicious process: NVIDIA Share.exe (NVIDIA Corporation)
2024-08-21 11:55:13,636 - INFO - Trusted process: svchost.exe (Microsoft Corporation)
2024-08-21 11:55:13,636 - INFO - Trusted process: explorer.exe (Microsoft Corporation)
2024-08-21 11:55:13,652 - INFO - Suspicious process: PSSvc.exe (Acer Incorporated)
2024-08-21 11:55:13,652 - INFO - Trusted process: svchost.exe (Microsoft Corporation)
2024-08-21 11:55:13,652 - INFO - Trusted process: backgroundTaskHost.exe (Microsoft Corporation)
2024-08-21 11:55:13,652 - INFO - Trusted process: RuntimeBroker.exe (Microsoft Corporation)
2024-08-21 11:55:13,668 - INFO - Trusted process: RuntimeBroker.exe (Microsoft Corporation)
2024-08-21 11:55:13,668 - INFO - Suspicious process: PSAgent.exe (Acer Incorporated)
2024-08-21 11:55:13,668 - INFO - Trusted process: Code.exe (Microsoft Corporation)
2024-08-21 11:55:13,668 - INFO - Suspicious process: RtkAudUService64.exe (Realtek Semiconductor)
2024-08-21 11:55:13,668 - INFO - Trusted process: svchost.exe (Microsoft Corporation)
2024-08-21 11:55:13,683 - INFO - Trusted process: svchost.exe (Microsoft Corporation)
2024-08-21 11:55:13,683 - INFO - Trusted process: SearchHost.exe (Microsoft Corporation)
2024-08-21 11:55:13,683 - INFO - Trusted process: StartMenuExperienceHost.exe (Microsoft Corporation)
2024-08-21 11:55:13,683 - INFO - Trusted process: Widgets.exe (Microsoft Corporation)
2024-08-21 11:55:13,683 - INFO - Trusted process: ctfmon.exe (Microsoft Corporation)
2024-08-21 11:55:13,699 - INFO - Suspicious process: nvcontainer.exe (NVIDIA Corporation)
2024-08-21 11:55:13,699 - INFO - Trusted process: RuntimeBroker.exe (Microsoft Corporation)
2024-08-21 11:55:13,699 - INFO - Trusted process: svchost.exe (Microsoft Corporation)
2024-08-21 11:55:13,715 - INFO - Trusted process: dllhost.exe (Microsoft Corporation)
2024-08-21 11:55:13,715 - INFO - Trusted process: TextInputHost.exe (Microsoft Corporation)
2024-08-21 11:55:13,715 - INFO - Trusted process: unsecapp.exe (Microsoft Corporation)
2024-08-21 11:55:13,715 - INFO - Trusted process: Code.exe (Microsoft Corporation)
2024-08-21 11:55:13,730 - INFO - Trusted process: LocationNotificationWindows.exe (Microsoft Corporation)
2024-08-21 11:55:13,730 - INFO - Trusted process: conhost.exe (Microsoft Corporation)
2024-08-21 11:55:13,730 - INFO - Trusted process: PhoneExperienceHost.exe (Microsoft Corporation)
2024-08-21 11:55:13,730 - INFO - Suspicious process: IGCCTray.exe (Intel Corporation)
2024-08-21 11:55:13,730 - INFO - Trusted process: OneDrive.exe (Microsoft Corporation)
2024-08-21 11:55:13,730 - INFO - Suspicious process: NVIDIA Share.exe (NVIDIA Corporation)
2024-08-21 11:55:13,746 - INFO - Suspicious process: nvsphelper64.exe (NVIDIA Corporation)
2024-08-21 11:55:13,746 - INFO - Trusted process: svchost.exe (Microsoft Corporation)
2024-08-21 11:55:13,746 - INFO - Suspicious process: NVIDIA Share.exe (NVIDIA Corporation)
2024-08-21 11:55:13,746 - INFO - Trusted process: Code.exe (Microsoft Corporation)
2024-08-21 11:55:13,761 - INFO - Suspicious process: QASvc.exe (Acer Incorporated)
2024-08-21 11:55:13,761 - INFO - Suspicious process: KillerControlCenter.exe (Rivet Networks)
2024-08-21 11:55:13,761 - INFO - Trusted process: msedge.exe (Microsoft Corporation)
2024-08-21 11:55:13,777 - INFO - Trusted process: conhost.exe (Microsoft Corporation)
2024-08-21 11:55:13,777 - INFO - Trusted process: smartscreen.exe (Microsoft Corporation)
2024-08-21 11:55:13,777 - INFO - Trusted process: msedge.exe (Microsoft Corporation)
2024-08-21 11:55:13,793 - INFO - Trusted process: svchost.exe (Microsoft Corporation)
2024-08-21 11:55:13,793 - INFO - Trusted process: svchost.exe (Microsoft Corporation)
2024-08-21 11:55:13,793 - INFO - Suspicious process: IGCC.exe (Intel Corporation)
2024-08-21 11:55:13,793 - INFO - Trusted process: RuntimeBroker.exe (Microsoft Corporation)
2024-08-21 11:55:13,793 - INFO - Suspicious process: python.exe (Python Software Foundation)
2024-08-21 11:55:13,808 - INFO - Trusted process: svchost.exe (Microsoft Corporation)
2024-08-21 11:55:13,808 - INFO - Trusted process: svchost.exe (Microsoft Corporation)
2024-08-21 11:55:13,808 - INFO - Trusted process: msedge.exe (Microsoft Corporation)
2024-08-21 11:55:13,824 - INFO - Trusted process: svchost.exe (Microsoft Corporation)
2024-08-21 11:55:13,824 - INFO - Suspicious process: QAAdminAgent.exe (Acer Incorporated)
2024-08-21 11:55:13,840 - INFO - Trusted process: svchost.exe (Microsoft Corporation)
2024-08-21 11:55:13,840 - INFO - Trusted process: ShellExperienceHost.exe (Microsoft Corporation)
2024-08-21 11:55:13,851 - INFO - Trusted process: RuntimeBroker.exe (Microsoft Corporation)
2024-08-21 11:55:13,862 - INFO - Suspicious process: igfxext.exe (Intel Corporation)
2024-08-21 11:55:13,868 - INFO - Trusted process: SystemSettingsBroker.exe (Microsoft Corporation)
2024-08-21 11:55:13,868 - INFO - Trusted process: dllhost.exe (Microsoft Corporation)
2024-08-21 11:55:13,876 - INFO - Trusted process: svchost.exe (Microsoft Corporation)
2024-08-21 11:55:13,876 - INFO - Suspicious process: PredatorSense.exe (Acer Incorporated)
2024-08-21 11:55:13,879 - INFO - Trusted process: ApplicationFrameHost.exe (Microsoft Corporation)
2024-08-21 11:55:13,879 - INFO - Suspicious process: ExpressVPNNotificationService.exe (ExpressVPN)
2024-08-21 11:55:13,886 - INFO - Trusted process: conhost.exe (Microsoft Corporation)
2024-08-21 11:55:13,899 - INFO - Trusted process: svchost.exe (Microsoft Corporation)
2024-08-21 11:55:13,899 - INFO - Trusted process: msedgewebview2.exe (Microsoft Corporation)
2024-08-21 11:55:13,899 - INFO - Trusted process: Code.exe (Microsoft Corporation)
2024-08-21 11:55:13,899 - INFO - Suspicious process: ePowerButton_NB.exe (Acer Incorporated)
2024-08-21 11:55:13,899 - INFO - Suspicious process: StorPSCTL.exe (Microsoft)
2024-08-21 11:55:13,915 - INFO - Trusted process: FileCoAuth.exe (Microsoft Corporation)
2024-08-21 11:55:13,915 - ERROR - Error getting company info for C:\Users\Sujith Lesley\.vscode\extensions\ms-python.python-2024.12.3-win32-x64\python-env-tools\bin\pet.exe: (1813, 'GetFileVersionInfo:GetFileVersionInfoSize', 'The specified resource type cannot be found in the image file.')
2024-08-21 11:55:13,915 - INFO - No company info for process: pet.exe (C:\Users\Sujith Lesley\.vscode\extensions\ms-python.python-2024.12.3-win32-x64\python-env-tools\bin\pet.exe)
2024-08-21 11:55:13,915 - INFO - Trusted process: msedgewebview2.exe (Microsoft Corporation)
2024-08-21 11:55:13,915 - INFO - Suspicious process: vgtray.exe (Riot Games, Inc.)
2024-08-21 11:55:13,931 - INFO - Trusted process: svchost.exe (Microsoft Corporation)
2024-08-21 11:55:13,931 - INFO - No company info for process: ACCStd.exe (C:\Program Files (x86)\Acer\Care Center\ACCStd.exe)
2024-08-21 11:55:13,931 - ERROR - Error getting company info for C:\Program Files\WindowsApps\5319275A.WhatsAppDesktop_2.2432.5.0_x64__cv1g1gvanyjgm\WhatsApp.exe: (1813, 'GetFileVersionInfo:GetFileVersionInfoSize', 'The specified resource type cannot be found in the image file.')
2024-08-21 11:55:13,931 - INFO - No company info for process: WhatsApp.exe (C:\Program Files\WindowsApps\5319275A.WhatsAppDesktop_2.2432.5.0_x64__cv1g1gvanyjgm\WhatsApp.exe)
2024-08-21 11:55:13,931 - INFO - Trusted process: Code.exe (Microsoft Corporation)
2024-08-21 11:55:13,931 - INFO - Trusted process: Code.exe (Microsoft Corporation)
2024-08-21 11:55:13,946 - INFO - Trusted process: svchost.exe (Microsoft Corporation)
2024-08-21 11:55:13,946 - INFO - Trusted process: WidgetService.exe (Microsoft Corporation)
2024-08-21 11:55:13,968 - INFO - Trusted process: svchost.exe (Microsoft Corporation)
2024-08-21 11:55:13,976 - INFO - Trusted process: MoUsoCoreWorker.exe (Microsoft Corporation)
2024-08-21 11:55:13,977 - INFO - Trusted process: Code.exe (Microsoft Corporation)
2024-08-21 11:55:13,980 - INFO - Trusted process: Code.exe (Microsoft Corporation)
2024-08-21 11:55:13,994 - INFO - Trusted process: SecurityHealthService.exe (Microsoft Corporation)
2024-08-21 11:55:13,997 - INFO - Trusted process: msedgewebview2.exe (Microsoft Corporation)
2024-08-21 11:55:13,999 - INFO - Trusted process: msedgewebview2.exe (Microsoft Corporation)
2024-08-21 11:55:14,001 - INFO - Trusted process: msedgewebview2.exe (Microsoft Corporation)
2024-08-21 11:55:14,007 - INFO - Trusted process: RuntimeBroker.exe (Microsoft Corporation)
2024-08-21 11:55:14,010 - INFO - Trusted process: msedgewebview2.exe (Microsoft Corporation)
2024-08-21 11:55:14,012 - INFO - Trusted process: Code.exe (Microsoft Corporation)
2024-08-21 11:55:14,016 - INFO - Trusted process: powershell.exe (Microsoft Corporation)
2024-08-21 11:55:14,026 - INFO - Trusted process: svchost.exe (Microsoft Corporation)
2024-08-21 11:55:14,036 - INFO - Trusted process: wlanext.exe (Microsoft Corporation)
2024-08-21 11:55:14,040 - INFO - Trusted process: RuntimeBroker.exe (Microsoft Corporation)
